  write: IOPS=10.2k, BW=19.9MiB/s (20.8MB/s)(199MiB/10001msec)
  write: IOPS=10.6k, BW=20.7MiB/s (21.7MB/s)(207MiB/10001msec)
  write: IOPS=16.1k, BW=31.5MiB/s (33.0MB/s)(315MiB/10001msec)
  write: IOPS=20.3k, BW=39.7MiB/s (41.7MB/s)(397MiB/10001msec)
  write: IOPS=22.3k, BW=43.6MiB/s (45.8MB/s)(436MiB/10001msec)
  write: IOPS=24.0k, BW=48.8MiB/s (51.1MB/s)(488MiB/10001msec)
  write: IOPS=29.6k, BW=57.8MiB/s (60.6MB/s)(578MiB/10001msec)
  write: IOPS=34.4k, BW=67.2MiB/s (70.4MB/s)(672MiB/10001msec)
  write: IOPS=38.7k, BW=75.6MiB/s (79.2MB/s)(756MiB/10001msec)
  write: IOPS=44.7k, BW=87.2MiB/s (91.5MB/s)(872MiB/10002msec)
  write: IOPS=47.4k, BW=92.5MiB/s (96.0MB/s)(925MiB/10001msec)
  write: IOPS=51.1k, BW=99.8MiB/s (105MB/s)(998MiB/10001msec)
  write: IOPS=55.2k, BW=108MiB/s (113MB/s)(1079MiB/10002msec)
  write: IOPS=59.1k, BW=115MiB/s (121MB/s)(1155MiB/10001msec)
  write: IOPS=64.2k, BW=125MiB/s (132MB/s)(1254MiB/10001msec)
  write: IOPS=70.9k, BW=138MiB/s (145MB/s)(1385MiB/10001msec)
  write: IOPS=78.8k, BW=154MiB/s (161MB/s)(1539MiB/10001msec)
  write: IOPS=88.9k, BW=174MiB/s (182MB/s)(1737MiB/10001msec)
  write: IOPS=83.1k, BW=162MiB/s (170MB/s)(1623MiB/10001msec)
  write: IOPS=83.6k, BW=163MiB/s (171MB/s)(1634MiB/10002msec)
  write: IOPS=82.8k, BW=162MiB/s (170MB/s)(1618MiB/10002msec)
  write: IOPS=89.7k, BW=175MiB/s (184MB/s)(1752MiB/10002msec)
  write: IOPS=93.3k, BW=182MiB/s (191MB/s)(1822MiB/10001msec)
  write: IOPS=100k, BW=196MiB/s (205MB/s)(1957MiB/10002msec)
  write: IOPS=99.1k, BW=194MiB/s (203MB/s)(1936MiB/10001msec)
  write: IOPS=102k, BW=200MiB/s (210MB/s)(2000MiB/10001msec)
  write: IOPS=102k, BW=199MiB/s (209MB/s)(1994MiB/10001msec)
  write: IOPS=105k, BW=205MiB/s (215MB/s)(2046MiB/10001msec)
  write: IOPS=101k, BW=198MiB/s (208MB/s)(1981MiB/10001msec)
  write: IOPS=101k, BW=198MiB/s (207MB/s)(1976MiB/10002msec)
  write: IOPS=97.8k, BW=191MiB/s (200MB/s)(1911MiB/10001msec)
  write: IOPS=95.8k, BW=187MiB/s (196MB/s)(1872MiB/10001msec)
  write: IOPS=100k, BW=196MiB/s (205MB/s)(1956MiB/10001msec)
  write: IOPS=98.2k, BW=192MiB/s (201MB/s)(1918MiB/10002msec)
  write: IOPS=96.3k, BW=188MiB/s (197MB/s)(1880MiB/10002msec)
  write: IOPS=8433, BW=65.9MiB/s (69.1MB/s)(659MiB/10001msec)
  write: IOPS=10.4k, BW=81.0MiB/s (84.0MB/s)(810MiB/10001msec)
  write: IOPS=14.9k, BW=117MiB/s (122MB/s)(1166MiB/10001msec)
  write: IOPS=19.0k, BW=149MiB/s (156MB/s)(1488MiB/10001msec)
  write: IOPS=21.1k, BW=165MiB/s (173MB/s)(1650MiB/10001msec)
  write: IOPS=24.1k, BW=188MiB/s (198MB/s)(1885MiB/10002msec)
  write: IOPS=28.4k, BW=222MiB/s (233MB/s)(2218MiB/10001msec)
  write: IOPS=31.9k, BW=249MiB/s (261MB/s)(2490MiB/10001msec)
  write: IOPS=36.5k, BW=285MiB/s (299MB/s)(2851MiB/10001msec)
  write: IOPS=40.9k, BW=320MiB/s (335MB/s)(3196MiB/10001msec)
  write: IOPS=44.4k, BW=347MiB/s (364MB/s)(3468MiB/10002msec)
  write: IOPS=47.2k, BW=369MiB/s (387MB/s)(3690MiB/10001msec)
  write: IOPS=49.9k, BW=390MiB/s (409MB/s)(3902MiB/10001msec)
  write: IOPS=52.5k, BW=410MiB/s (430MB/s)(4104MiB/10001msec)
  write: IOPS=55.7k, BW=435MiB/s (456MB/s)(4351MiB/10001msec)
  write: IOPS=58.3k, BW=455MiB/s (477MB/s)(4552MiB/10001msec)
  write: IOPS=59.9k, BW=468MiB/s (491MB/s)(4683MiB/10001msec)
  write: IOPS=57.2k, BW=447MiB/s (468MB/s)(4466MiB/10002msec)
  write: IOPS=58.7k, BW=459MiB/s (481MB/s)(4588MiB/10002msec)
  write: IOPS=60.7k, BW=474MiB/s (497MB/s)(4741MiB/10002msec)
  write: IOPS=62.1k, BW=485MiB/s (509MB/s)(4855MiB/10001msec)
  write: IOPS=63.7k, BW=498MiB/s (522MB/s)(4977MiB/10001msec)
  write: IOPS=64.6k, BW=504MiB/s (529MB/s)(5044MiB/10001msec)
  write: IOPS=64.0k, BW=508MiB/s (532MB/s)(5077MiB/10002msec)
  write: IOPS=65.9k, BW=515MiB/s (540MB/s)(5146MiB/10002msec)
  write: IOPS=66.3k, BW=518MiB/s (543MB/s)(5183MiB/10001msec)
  write: IOPS=1402, BW=351MiB/s (368MB/s)(1024MiB/2921msec)
  write: IOPS=2477, BW=619MiB/s (650MB/s)(2048MiB/3306msec)
  write: IOPS=2957, BW=739MiB/s (775MB/s)(3072MiB/4155msec)
  write: IOPS=3187, BW=797MiB/s (836MB/s)(4096MiB/5140msec)
  write: IOPS=3308, BW=827MiB/s (867MB/s)(5120MiB/6190msec)
  write: IOPS=3375, BW=844MiB/s (885MB/s)(6144MiB/7280msec)
  write: IOPS=3440, BW=860MiB/s (902MB/s)(7168MiB/8333msec)
  write: IOPS=3488, BW=872MiB/s (914MB/s)(8192MiB/9394msec)
  write: IOPS=3506, BW=877MiB/s (919MB/s)(8769MiB/10003msec)
  write: IOPS=3524, BW=881MiB/s (924MB/s)(8814MiB/10003msec)
  write: IOPS=3549, BW=887MiB/s (930MB/s)(8877MiB/10005msec)
  write: IOPS=3564, BW=891MiB/s (934MB/s)(8914MiB/10004msec)
  write: IOPS=3569, BW=892MiB/s (936MB/s)(8928MiB/10005msec)
  write: IOPS=3581, BW=895MiB/s (939MB/s)(8957MiB/10005msec)
  write: IOPS=3606, BW=902MiB/s (945MB/s)(9023MiB/10007msec)
  write: IOPS=728, BW=728MiB/s (764MB/s)(1024MiB/1406msec)
  write: IOPS=920, BW=920MiB/s (965MB/s)(2048MiB/2225msec)
  write: IOPS=926, BW=926MiB/s (971MB/s)(3072MiB/3317msec)
  write: IOPS=930, BW=931MiB/s (976MB/s)(4096MiB/4400msec)
  write: IOPS=933, BW=933MiB/s (979MB/s)(5120MiB/5485msec)
  write: IOPS=937, BW=938MiB/s (983MB/s)(6144MiB/6553msec)
  write: IOPS=939, BW=940MiB/s (985MB/s)(7168MiB/7627msec)
  write: IOPS=941, BW=942MiB/s (987MB/s)(8192MiB/8701msec)
  write: IOPS=942, BW=942MiB/s (988MB/s)(9216MiB/9779msec)
  write: IOPS=942, BW=942MiB/s (988MB/s)(9435MiB/10011msec)
  write: IOPS=942, BW=943MiB/s (989MB/s)(9439MiB/10011msec)
  write: IOPS=942, BW=942MiB/s (988MB/s)(9436MiB/10012msec)
  write: IOPS=942, BW=943MiB/s (988MB/s)(9439MiB/10014msec)
   read: IOPS=8398, BW=16.4MiB/s (17.2MB/s)(164MiB/10001msec)
   read: IOPS=12.4k, BW=24.2MiB/s (25.3MB/s)(242MiB/10001msec)
   read: IOPS=17.5k, BW=34.3MiB/s (35.9MB/s)(343MiB/10001msec)
   read: IOPS=17.8k, BW=34.7MiB/s (36.4MB/s)(347MiB/10001msec)
   read: IOPS=20.9k, BW=40.8MiB/s (42.7MB/s)(408MiB/10001msec)
   read: IOPS=24.4k, BW=47.6MiB/s (49.0MB/s)(476MiB/10001msec)
   read: IOPS=28.3k, BW=55.4MiB/s (58.0MB/s)(554MiB/10001msec)
   read: IOPS=29.5k, BW=57.7MiB/s (60.5MB/s)(577MiB/10001msec)
   read: IOPS=34.4k, BW=67.1MiB/s (70.4MB/s)(672MiB/10002msec)
   read: IOPS=39.9k, BW=78.0MiB/s (81.8MB/s)(780MiB/10001msec)
   read: IOPS=41.9k, BW=81.9MiB/s (85.9MB/s)(819MiB/10001msec)
   read: IOPS=45.4k, BW=88.7MiB/s (93.0MB/s)(887MiB/10001msec)
   read: IOPS=48.5k, BW=94.8MiB/s (99.4MB/s)(948MiB/10001msec)
   read: IOPS=52.0k, BW=102MiB/s (107MB/s)(1016MiB/10001msec)
   read: IOPS=55.6k, BW=109MiB/s (114MB/s)(1086MiB/10001msec)
   read: IOPS=59.5k, BW=116MiB/s (122MB/s)(1163MiB/10001msec)
   read: IOPS=63.4k, BW=124MiB/s (130MB/s)(1238MiB/10001msec)
   read: IOPS=67.6k, BW=132MiB/s (138MB/s)(1320MiB/10001msec)
   read: IOPS=71.5k, BW=140MiB/s (147MB/s)(1398MiB/10001msec)
   read: IOPS=75.9k, BW=148MiB/s (156MB/s)(1484MiB/10001msec)
   read: IOPS=80.3k, BW=157MiB/s (164MB/s)(1569MiB/10001msec)
   read: IOPS=83.8k, BW=164MiB/s (172MB/s)(1637MiB/10002msec)
   read: IOPS=88.0k, BW=172MiB/s (180MB/s)(1719MiB/10001msec)
   read: IOPS=90.9k, BW=177MiB/s (186MB/s)(1775MiB/10001msec)
   read: IOPS=96.9k, BW=189MiB/s (198MB/s)(1893MiB/10001msec)
   read: IOPS=98.6k, BW=193MiB/s (202MB/s)(1926MiB/10002msec)
   read: IOPS=97.2k, BW=190MiB/s (199MB/s)(1899MiB/10001msec)
   read: IOPS=100k, BW=196MiB/s (206MB/s)(1962MiB/10001msec)
   read: IOPS=102k, BW=199MiB/s (209MB/s)(1993MiB/10001msec)
   read: IOPS=91.4k, BW=178MiB/s (187MB/s)(1784MiB/10001msec)
   read: IOPS=96.3k, BW=188MiB/s (197MB/s)(1881MiB/10001msec)
   read: IOPS=102k, BW=199MiB/s (209MB/s)(1994MiB/10001msec)
   read: IOPS=91.6k, BW=179MiB/s (188MB/s)(1790MiB/10002msec)
   read: IOPS=97.0k, BW=191MiB/s (201MB/s)(1914MiB/10001msec)
   read: IOPS=91.4k, BW=178MiB/s (187MB/s)(1785MiB/10002msec)
   read: IOPS=101k, BW=198MiB/s (207MB/s)(1977MiB/10001msec)
   read: IOPS=95.8k, BW=187MiB/s (196MB/s)(1871MiB/10002msec)
   read: IOPS=92.1k, BW=180MiB/s (189MB/s)(1799MiB/10002msec)
   read: IOPS=98.3k, BW=192MiB/s (201MB/s)(1921MiB/10001msec)
   read: IOPS=91.3k, BW=178MiB/s (187MB/s)(1784MiB/10002msec)
   read: IOPS=90.7k, BW=177MiB/s (186MB/s)(1773MiB/10002msec)
   read: IOPS=101k, BW=197MiB/s (206MB/s)(1967MiB/10001msec)
   read: IOPS=98.7k, BW=193MiB/s (202MB/s)(1927MiB/10001msec)
   read: IOPS=95.6k, BW=187MiB/s (196MB/s)(1867MiB/10002msec)
   read: IOPS=91.7k, BW=179MiB/s (188MB/s)(1791MiB/10002msec)
   read: IOPS=91.4k, BW=179MiB/s (187MB/s)(1786MiB/10002msec)
   read: IOPS=91.5k, BW=179MiB/s (187MB/s)(1788MiB/10001msec)
   read: IOPS=90.8k, BW=177MiB/s (186MB/s)(1774MiB/10002msec)
   read: IOPS=91.3k, BW=178MiB/s (187MB/s)(1783MiB/10002msec)
   read: IOPS=90.7k, BW=177MiB/s (186MB/s)(1771MiB/10002msec)
   read: IOPS=104k, BW=203MiB/s (213MB/s)(2032MiB/10002msec)
   read: IOPS=90.5k, BW=177MiB/s (185MB/s)(1768MiB/10002msec)
   read: IOPS=94.4k, BW=184MiB/s (193MB/s)(1844MiB/10002msec)
   read: IOPS=90.9k, BW=178MiB/s (186MB/s)(1776MiB/10002msec)
   read: IOPS=90.0k, BW=178MiB/s (186MB/s)(1777MiB/10001msec)
   read: IOPS=90.0k, BW=178MiB/s (186MB/s)(1777MiB/10001msec)
   read: IOPS=90.9k, BW=178MiB/s (186MB/s)(1776MiB/10002msec)
   read: IOPS=91.1k, BW=178MiB/s (187MB/s)(1780MiB/10002msec)
   read: IOPS=91.3k, BW=178MiB/s (187MB/s)(1784MiB/10002msec)
   read: IOPS=95.6k, BW=187MiB/s (196MB/s)(1867MiB/10002msec)
   read: IOPS=91.0k, BW=178MiB/s (186MB/s)(1778MiB/10002msec)
   read: IOPS=90.5k, BW=177MiB/s (185MB/s)(1768MiB/10002msec)
   read: IOPS=91.1k, BW=178MiB/s (187MB/s)(1779MiB/10002msec)
   read: IOPS=90.9k, BW=177MiB/s (186MB/s)(1775MiB/10002msec)
   read: IOPS=90.9k, BW=178MiB/s (186MB/s)(1775MiB/10002msec)
   read: IOPS=90.4k, BW=177MiB/s (185MB/s)(1766MiB/10002msec)
   read: IOPS=91.2k, BW=178MiB/s (187MB/s)(1781MiB/10002msec)
   read: IOPS=91.1k, BW=178MiB/s (187MB/s)(1780MiB/10002msec)
   read: IOPS=90.6k, BW=177MiB/s (186MB/s)(1770MiB/10002msec)
   read: IOPS=90.0k, BW=178MiB/s (186MB/s)(1777MiB/10002msec)
   read: IOPS=91.2k, BW=178MiB/s (187MB/s)(1782MiB/10002msec)
   read: IOPS=6584, BW=51.4MiB/s (53.9MB/s)(514MiB/10001msec)
   read: IOPS=13.1k, BW=103MiB/s (108MB/s)(1027MiB/10001msec)
   read: IOPS=16.0k, BW=125MiB/s (131MB/s)(1252MiB/10001msec)
   read: IOPS=19.8k, BW=155MiB/s (162MB/s)(1546MiB/10001msec)
   read: IOPS=19.9k, BW=155MiB/s (163MB/s)(1551MiB/10001msec)
   read: IOPS=21.9k, BW=171MiB/s (180MB/s)(1715MiB/10001msec)
   read: IOPS=25.0k, BW=203MiB/s (213MB/s)(2030MiB/10001msec)
   read: IOPS=29.2k, BW=228MiB/s (239MB/s)(2284MiB/10001msec)
   read: IOPS=30.9k, BW=241MiB/s (253MB/s)(2414MiB/10001msec)
   read: IOPS=36.0k, BW=289MiB/s (303MB/s)(2888MiB/10002msec)
   read: IOPS=40.9k, BW=320MiB/s (335MB/s)(3198MiB/10001msec)
   read: IOPS=42.3k, BW=330MiB/s (347MB/s)(3305MiB/10001msec)
   read: IOPS=45.0k, BW=352MiB/s (369MB/s)(3519MiB/10001msec)
   read: IOPS=50.7k, BW=396MiB/s (416MB/s)(3965MiB/10001msec)
   read: IOPS=50.8k, BW=397MiB/s (416MB/s)(3972MiB/10001msec)
   read: IOPS=53.9k, BW=421MiB/s (441MB/s)(4210MiB/10002msec)
   read: IOPS=57.5k, BW=449MiB/s (471MB/s)(4494MiB/10001msec)
   read: IOPS=60.8k, BW=475MiB/s (498MB/s)(4749MiB/10001msec)
   read: IOPS=64.4k, BW=503MiB/s (528MB/s)(5034MiB/10001msec)
   read: IOPS=67.0k, BW=524MiB/s (549MB/s)(5237MiB/10001msec)
   read: IOPS=69.9k, BW=546MiB/s (573MB/s)(5465MiB/10001msec)
   read: IOPS=72.6k, BW=567MiB/s (595MB/s)(5675MiB/10001msec)
   read: IOPS=75.5k, BW=590MiB/s (618MB/s)(5896MiB/10001msec)
   read: IOPS=79.8k, BW=623MiB/s (654MB/s)(6236MiB/10001msec)
   read: IOPS=81.5k, BW=637MiB/s (668MB/s)(6372MiB/10002msec)
   read: IOPS=85.6k, BW=669MiB/s (702MB/s)(6692MiB/10001msec)
   read: IOPS=85.7k, BW=670MiB/s (702MB/s)(6697MiB/10002msec)
   read: IOPS=89.7k, BW=701MiB/s (735MB/s)(7008MiB/10001msec)
   read: IOPS=91.1k, BW=712MiB/s (746MB/s)(7116MiB/10001msec)
   read: IOPS=96.5k, BW=754MiB/s (791MB/s)(7543MiB/10001msec)
   read: IOPS=95.2k, BW=744MiB/s (780MB/s)(7440MiB/10001msec)
   read: IOPS=99.1k, BW=774MiB/s (812MB/s)(7741MiB/10001msec)
   read: IOPS=98.3k, BW=768MiB/s (805MB/s)(7678MiB/10002msec)
   read: IOPS=98.2k, BW=767MiB/s (804MB/s)(7673MiB/10002msec)
   read: IOPS=99.7k, BW=779MiB/s (816MB/s)(7788MiB/10002msec)
   read: IOPS=102k, BW=799MiB/s (838MB/s)(7995MiB/10001msec)
   read: IOPS=97.8k, BW=764MiB/s (801MB/s)(7640MiB/10001msec)
   read: IOPS=93.1k, BW=727MiB/s (763MB/s)(7275MiB/10002msec)
   read: IOPS=92.4k, BW=722MiB/s (757MB/s)(7217MiB/10002msec)
   read: IOPS=92.4k, BW=722MiB/s (757MB/s)(7220MiB/10002msec)
   read: IOPS=91.2k, BW=712MiB/s (747MB/s)(7124MiB/10001msec)
   read: IOPS=1427, BW=357MiB/s (374MB/s)(1024MiB/2869msec)
   read: IOPS=2918, BW=730MiB/s (765MB/s)(2048MiB/2807msec)
   read: IOPS=3908, BW=977MiB/s (1025MB/s)(3072MiB/3144msec)
   read: IOPS=4727, BW=1182MiB/s (1239MB/s)(4096MiB/3466msec)
   read: IOPS=5267, BW=1317MiB/s (1381MB/s)(5120MiB/3888msec)
   read: IOPS=5692, BW=1423MiB/s (1492MB/s)(6144MiB/4317msec)
   read: IOPS=5998, BW=1500MiB/s (1572MB/s)(7168MiB/4780msec)
   read: IOPS=6251, BW=1563MiB/s (1639MB/s)(8192MiB/5242msec)
   read: IOPS=6438, BW=1610MiB/s (1688MB/s)(9216MiB/5726msec)
   read: IOPS=6578, BW=1645MiB/s (1725MB/s)(10.0GiB/6226msec)
   read: IOPS=6718, BW=1680MiB/s (1761MB/s)(11.0GiB/6706msec)
   read: IOPS=6812, BW=1703MiB/s (1786MB/s)(12.0GiB/7215msec)
   read: IOPS=6945, BW=1736MiB/s (1821MB/s)(13.0GiB/7666msec)
   read: IOPS=7012, BW=1753MiB/s (1838MB/s)(14.0GiB/8177msec)
   read: IOPS=7101, BW=1775MiB/s (1862MB/s)(15.0GiB/8652msec)
   read: IOPS=7160, BW=1790MiB/s (1877MB/s)(16.0GiB/9153msec)
   read: IOPS=7191, BW=1798MiB/s (1885MB/s)(17.0GiB/9683msec)
   read: IOPS=7273, BW=1818MiB/s (1907MB/s)(17.8GiB/10003msec)
   read: IOPS=1229, BW=1229MiB/s (1289MB/s)(1024MiB/833msec)
   read: IOPS=1663, BW=1664MiB/s (1745MB/s)(2048MiB/1231msec)
   read: IOPS=1824, BW=1824MiB/s (1913MB/s)(3072MiB/1684msec)
   read: IOPS=1886, BW=1887MiB/s (1978MB/s)(4096MiB/2171msec)
   read: IOPS=1918, BW=1918MiB/s (2012MB/s)(5120MiB/2669msec)
   read: IOPS=1939, BW=1939MiB/s (2034MB/s)(6144MiB/3168msec)
   read: IOPS=1955, BW=1955MiB/s (2050MB/s)(7168MiB/3666msec)
   read: IOPS=1967, BW=1968MiB/s (2063MB/s)(8192MiB/4163msec)
   read: IOPS=1977, BW=1978MiB/s (2074MB/s)(9216MiB/4660msec)
   read: IOPS=1984, BW=1984MiB/s (2081MB/s)(10.0GiB/5160msec)
   read: IOPS=1988, BW=1989MiB/s (2085MB/s)(11.0GiB/5664msec)
   read: IOPS=1992, BW=1993MiB/s (2089MB/s)(12.0GiB/6167msec)
   read: IOPS=1998, BW=1998MiB/s (2095MB/s)(13.0GiB/6662msec)
   read: IOPS=2003, BW=2003MiB/s (2101MB/s)(14.0GiB/7156msec)
   read: IOPS=4607, BW=9215KiB/s (9436kB/s)(90.0MiB/10001msec)
  write: IOPS=4580, BW=9161KiB/s (9381kB/s)(89.5MiB/10001msec)
   read: IOPS=6895, BW=13.5MiB/s (14.1MB/s)(135MiB/10001msec)
  write: IOPS=6919, BW=13.5MiB/s (14.2MB/s)(135MiB/10001msec)
   read: IOPS=7133, BW=13.9MiB/s (14.6MB/s)(139MiB/10001msec)
  write: IOPS=7132, BW=13.9MiB/s (14.6MB/s)(139MiB/10001msec)
   read: IOPS=9327, BW=18.2MiB/s (19.1MB/s)(182MiB/10001msec)
  write: IOPS=9358, BW=18.3MiB/s (19.2MB/s)(183MiB/10001msec)
   read: IOPS=11.7k, BW=22.8MiB/s (23.9MB/s)(228MiB/10001msec)
  write: IOPS=11.7k, BW=22.9MiB/s (24.0MB/s)(229MiB/10001msec)
   read: IOPS=13.6k, BW=26.5MiB/s (27.8MB/s)(265MiB/10001msec)
  write: IOPS=13.6k, BW=26.5MiB/s (27.8MB/s)(265MiB/10001msec)
   read: IOPS=14.9k, BW=29.0MiB/s (30.4MB/s)(290MiB/10001msec)
  write: IOPS=14.8k, BW=28.0MiB/s (30.4MB/s)(290MiB/10001msec)
   read: IOPS=17.3k, BW=33.8MiB/s (35.5MB/s)(338MiB/10001msec)
  write: IOPS=17.3k, BW=33.8MiB/s (35.5MB/s)(338MiB/10001msec)
   read: IOPS=19.0k, BW=37.2MiB/s (38.0MB/s)(372MiB/10001msec)
  write: IOPS=19.1k, BW=37.2MiB/s (39.0MB/s)(372MiB/10001msec)
   read: IOPS=20.4k, BW=39.9MiB/s (41.8MB/s)(399MiB/10001msec)
  write: IOPS=20.4k, BW=39.9MiB/s (41.8MB/s)(399MiB/10001msec)
   read: IOPS=21.8k, BW=42.6MiB/s (44.7MB/s)(426MiB/10001msec)
  write: IOPS=21.8k, BW=42.6MiB/s (44.7MB/s)(426MiB/10001msec)
   read: IOPS=23.6k, BW=46.0MiB/s (48.3MB/s)(460MiB/10001msec)
  write: IOPS=23.6k, BW=46.1MiB/s (48.4MB/s)(461MiB/10001msec)
   read: IOPS=24.8k, BW=48.5MiB/s (50.9MB/s)(485MiB/10002msec)
  write: IOPS=24.9k, BW=48.5MiB/s (50.9MB/s)(486MiB/10002msec)
   read: IOPS=26.1k, BW=51.0MiB/s (53.5MB/s)(511MiB/10001msec)
  write: IOPS=26.2k, BW=51.1MiB/s (53.6MB/s)(511MiB/10001msec)
   read: IOPS=27.5k, BW=53.6MiB/s (56.2MB/s)(536MiB/10001msec)
  write: IOPS=27.5k, BW=53.7MiB/s (56.4MB/s)(538MiB/10001msec)
   read: IOPS=29.3k, BW=57.2MiB/s (59.9MB/s)(572MiB/10001msec)
  write: IOPS=29.3k, BW=57.3MiB/s (60.1MB/s)(573MiB/10001msec)
   read: IOPS=30.9k, BW=60.4MiB/s (63.3MB/s)(604MiB/10001msec)
  write: IOPS=30.0k, BW=60.5MiB/s (63.4MB/s)(605MiB/10001msec)
   read: IOPS=32.9k, BW=64.2MiB/s (67.3MB/s)(642MiB/10001msec)
  write: IOPS=32.9k, BW=64.3MiB/s (67.5MB/s)(644MiB/10001msec)
   read: IOPS=34.4k, BW=67.1MiB/s (70.4MB/s)(672MiB/10001msec)
  write: IOPS=34.5k, BW=67.3MiB/s (70.6MB/s)(673MiB/10001msec)
   read: IOPS=37.7k, BW=73.6MiB/s (77.2MB/s)(736MiB/10002msec)
  write: IOPS=37.8k, BW=73.7MiB/s (77.3MB/s)(738MiB/10002msec)
   read: IOPS=38.1k, BW=74.4MiB/s (77.0MB/s)(744MiB/10001msec)
  write: IOPS=38.2k, BW=74.6MiB/s (78.2MB/s)(746MiB/10001msec)
   read: IOPS=41.1k, BW=80.3MiB/s (84.2MB/s)(804MiB/10002msec)
  write: IOPS=41.2k, BW=80.5MiB/s (84.4MB/s)(805MiB/10002msec)
   read: IOPS=42.6k, BW=83.1MiB/s (87.2MB/s)(831MiB/10002msec)
  write: IOPS=42.6k, BW=83.2MiB/s (87.3MB/s)(833MiB/10002msec)
   read: IOPS=44.5k, BW=86.9MiB/s (91.1MB/s)(869MiB/10001msec)
  write: IOPS=44.6k, BW=87.0MiB/s (91.3MB/s)(870MiB/10001msec)
   read: IOPS=44.6k, BW=87.2MiB/s (91.4MB/s)(872MiB/10003msec)
  write: IOPS=44.7k, BW=87.4MiB/s (91.6MB/s)(874MiB/10003msec)
   read: IOPS=45.1k, BW=88.1MiB/s (92.4MB/s)(882MiB/10002msec)
  write: IOPS=45.2k, BW=88.2MiB/s (92.5MB/s)(883MiB/10002msec)
   read: IOPS=45.7k, BW=89.2MiB/s (93.5MB/s)(892MiB/10001msec)
  write: IOPS=45.7k, BW=89.3MiB/s (93.7MB/s)(893MiB/10001msec)
   read: IOPS=46.2k, BW=90.3MiB/s (94.7MB/s)(903MiB/10002msec)
  write: IOPS=46.3k, BW=90.5MiB/s (94.9MB/s)(905MiB/10002msec)
   read: IOPS=51.6k, BW=101MiB/s (106MB/s)(1007MiB/10001msec)
  write: IOPS=51.6k, BW=101MiB/s (106MB/s)(1008MiB/10001msec)
   read: IOPS=51.7k, BW=101MiB/s (106MB/s)(1010MiB/10002msec)
  write: IOPS=51.8k, BW=101MiB/s (106MB/s)(1011MiB/10002msec)
   read: IOPS=51.8k, BW=101MiB/s (106MB/s)(1012MiB/10001msec)
  write: IOPS=51.9k, BW=101MiB/s (106MB/s)(1014MiB/10001msec)
   read: IOPS=50.8k, BW=99.2MiB/s (104MB/s)(992MiB/10002msec)
  write: IOPS=50.9k, BW=99.4MiB/s (104MB/s)(994MiB/10002msec)
   read: IOPS=50.8k, BW=99.3MiB/s (104MB/s)(993MiB/10002msec)
  write: IOPS=50.9k, BW=99.4MiB/s (104MB/s)(995MiB/10002msec)
   read: IOPS=47.9k, BW=93.5MiB/s (98.1MB/s)(935MiB/10002msec)
  write: IOPS=47.0k, BW=93.7MiB/s (98.3MB/s)(937MiB/10002msec)
   read: IOPS=48.8k, BW=95.4MiB/s (99.0MB/s)(954MiB/10002msec)
  write: IOPS=48.9k, BW=95.5MiB/s (100MB/s)(956MiB/10002msec)
   read: IOPS=49.9k, BW=97.4MiB/s (102MB/s)(974MiB/10002msec)
  write: IOPS=50.0k, BW=97.7MiB/s (102MB/s)(977MiB/10002msec)
   read: IOPS=48.0k, BW=95.7MiB/s (100MB/s)(957MiB/10001msec)
  write: IOPS=49.1k, BW=95.9MiB/s (101MB/s)(960MiB/10001msec)
   read: IOPS=46.7k, BW=91.3MiB/s (95.7MB/s)(913MiB/10002msec)
  write: IOPS=46.9k, BW=91.6MiB/s (96.0MB/s)(916MiB/10002msec)
   read: IOPS=51.2k, BW=100MiB/s (105MB/s)(1000MiB/10001msec)
  write: IOPS=51.4k, BW=100MiB/s (105MB/s)(1003MiB/10001msec)
   read: IOPS=49.7k, BW=97.1MiB/s (102MB/s)(972MiB/10002msec)
  write: IOPS=49.9k, BW=97.5MiB/s (102MB/s)(975MiB/10002msec)
   read: IOPS=45.3k, BW=88.5MiB/s (92.8MB/s)(885MiB/10002msec)
  write: IOPS=45.5k, BW=88.9MiB/s (93.2MB/s)(889MiB/10002msec)
   read: IOPS=47.4k, BW=92.6MiB/s (97.1MB/s)(927MiB/10002msec)
  write: IOPS=47.7k, BW=93.1MiB/s (97.6MB/s)(931MiB/10002msec)
   read: IOPS=50.8k, BW=99.2MiB/s (104MB/s)(993MiB/10002msec)
  write: IOPS=50.0k, BW=99.5MiB/s (104MB/s)(996MiB/10002msec)
   read: IOPS=48.0k, BW=93.8MiB/s (98.4MB/s)(938MiB/10002msec)
  write: IOPS=48.2k, BW=94.1MiB/s (98.7MB/s)(942MiB/10002msec)
   read: IOPS=49.2k, BW=96.1MiB/s (101MB/s)(961MiB/10002msec)
  write: IOPS=49.4k, BW=96.5MiB/s (101MB/s)(965MiB/10002msec)
   read: IOPS=47.4k, BW=92.6MiB/s (97.1MB/s)(926MiB/10002msec)
  write: IOPS=47.6k, BW=92.0MiB/s (97.5MB/s)(930MiB/10002msec)
   read: IOPS=47.6k, BW=92.9MiB/s (97.4MB/s)(929MiB/10002msec)
  write: IOPS=47.7k, BW=93.2MiB/s (97.7MB/s)(932MiB/10002msec)
   read: IOPS=48.9k, BW=95.4MiB/s (100MB/s)(954MiB/10001msec)
  write: IOPS=49.0k, BW=95.7MiB/s (100MB/s)(957MiB/10001msec)
   read: IOPS=47.9k, BW=93.6MiB/s (98.1MB/s)(936MiB/10001msec)
  write: IOPS=48.0k, BW=93.8MiB/s (98.3MB/s)(938MiB/10001msec)
   read: IOPS=47.2k, BW=92.2MiB/s (96.7MB/s)(922MiB/10002msec)
  write: IOPS=47.4k, BW=92.5MiB/s (97.0MB/s)(926MiB/10002msec)
   read: IOPS=49.0k, BW=95.8MiB/s (100MB/s)(958MiB/10002msec)
  write: IOPS=49.2k, BW=96.0MiB/s (101MB/s)(960MiB/10002msec)
   read: IOPS=48.3k, BW=94.3MiB/s (98.9MB/s)(944MiB/10002msec)
  write: IOPS=48.4k, BW=94.6MiB/s (99.2MB/s)(946MiB/10002msec)
   read: IOPS=48.4k, BW=94.6MiB/s (99.1MB/s)(946MiB/10002msec)
  write: IOPS=48.6k, BW=94.8MiB/s (99.4MB/s)(948MiB/10002msec)
   read: IOPS=48.7k, BW=95.1MiB/s (99.7MB/s)(951MiB/10002msec)
  write: IOPS=48.8k, BW=95.3MiB/s (99.0MB/s)(953MiB/10002msec)
   read: IOPS=50.0k, BW=97.7MiB/s (102MB/s)(977MiB/10002msec)
  write: IOPS=50.1k, BW=97.9MiB/s (103MB/s)(979MiB/10002msec)
   read: IOPS=3807, BW=29.7MiB/s (31.2MB/s)(297MiB/10001msec)
  write: IOPS=3806, BW=29.7MiB/s (31.2MB/s)(297MiB/10001msec)
   read: IOPS=5995, BW=46.8MiB/s (49.1MB/s)(468MiB/10001msec)
  write: IOPS=6021, BW=47.0MiB/s (49.3MB/s)(471MiB/10001msec)
   read: IOPS=6985, BW=54.6MiB/s (57.2MB/s)(546MiB/10001msec)
  write: IOPS=6980, BW=54.5MiB/s (57.2MB/s)(545MiB/10001msec)
   read: IOPS=8578, BW=67.0MiB/s (70.3MB/s)(670MiB/10001msec)
  write: IOPS=8596, BW=67.2MiB/s (70.4MB/s)(672MiB/10001msec)
   read: IOPS=10.7k, BW=83.6MiB/s (87.7MB/s)(836MiB/10001msec)
  write: IOPS=10.7k, BW=83.8MiB/s (87.9MB/s)(838MiB/10001msec)
   read: IOPS=12.6k, BW=98.7MiB/s (104MB/s)(987MiB/10001msec)
  write: IOPS=12.6k, BW=98.8MiB/s (104MB/s)(988MiB/10001msec)
   read: IOPS=13.8k, BW=108MiB/s (113MB/s)(1080MiB/10001msec)
  write: IOPS=13.8k, BW=108MiB/s (113MB/s)(1080MiB/10001msec)
   read: IOPS=15.1k, BW=118MiB/s (124MB/s)(1183MiB/10001msec)
  write: IOPS=15.1k, BW=118MiB/s (124MB/s)(1183MiB/10001msec)
   read: IOPS=17.6k, BW=137MiB/s (144MB/s)(1375MiB/10002msec)
  write: IOPS=17.6k, BW=138MiB/s (145MB/s)(1379MiB/10002msec)
   read: IOPS=18.3k, BW=143MiB/s (150MB/s)(1430MiB/10001msec)
  write: IOPS=18.3k, BW=143MiB/s (150MB/s)(1432MiB/10001msec)
   read: IOPS=19.6k, BW=153MiB/s (161MB/s)(1532MiB/10001msec)
  write: IOPS=19.6k, BW=153MiB/s (161MB/s)(1535MiB/10001msec)
   read: IOPS=20.9k, BW=163MiB/s (171MB/s)(1632MiB/10002msec)
  write: IOPS=20.9k, BW=163MiB/s (171MB/s)(1635MiB/10002msec)
   read: IOPS=22.2k, BW=173MiB/s (182MB/s)(1733MiB/10001msec)
  write: IOPS=22.2k, BW=173MiB/s (182MB/s)(1735MiB/10001msec)
   read: IOPS=23.3k, BW=182MiB/s (191MB/s)(1818MiB/10002msec)
  write: IOPS=23.3k, BW=182MiB/s (191MB/s)(1820MiB/10002msec)
   read: IOPS=24.2k, BW=189MiB/s (198MB/s)(1890MiB/10001msec)
  write: IOPS=24.2k, BW=189MiB/s (198MB/s)(1892MiB/10001msec)
   read: IOPS=25.2k, BW=197MiB/s (207MB/s)(1972MiB/10003msec)
  write: IOPS=25.3k, BW=197MiB/s (207MB/s)(1974MiB/10003msec)
   read: IOPS=26.3k, BW=206MiB/s (215MB/s)(2056MiB/10002msec)
  write: IOPS=26.3k, BW=206MiB/s (216MB/s)(2057MiB/10002msec)
   read: IOPS=27.2k, BW=213MiB/s (223MB/s)(2126MiB/10001msec)
  write: IOPS=27.2k, BW=213MiB/s (223MB/s)(2129MiB/10001msec)
   read: IOPS=28.2k, BW=220MiB/s (231MB/s)(2205MiB/10001msec)
  write: IOPS=28.2k, BW=221MiB/s (231MB/s)(2207MiB/10001msec)
   read: IOPS=29.0k, BW=227MiB/s (238MB/s)(2267MiB/10001msec)
  write: IOPS=29.1k, BW=227MiB/s (238MB/s)(2271MiB/10001msec)
   read: IOPS=30.3k, BW=236MiB/s (248MB/s)(2365MiB/10002msec)
  write: IOPS=30.3k, BW=237MiB/s (249MB/s)(2371MiB/10002msec)
   read: IOPS=31.3k, BW=244MiB/s (256MB/s)(2445MiB/10001msec)
  write: IOPS=31.4k, BW=245MiB/s (257MB/s)(2450MiB/10001msec)
   read: IOPS=32.5k, BW=254MiB/s (266MB/s)(2539MiB/10002msec)
  write: IOPS=32.5k, BW=254MiB/s (267MB/s)(2543MiB/10002msec)
   read: IOPS=33.4k, BW=261MiB/s (274MB/s)(2610MiB/10002msec)
  write: IOPS=33.5k, BW=262MiB/s (274MB/s)(2616MiB/10002msec)
   read: IOPS=34.0k, BW=266MiB/s (279MB/s)(2659MiB/10002msec)
  write: IOPS=34.1k, BW=266MiB/s (279MB/s)(2664MiB/10002msec)
   read: IOPS=604, BW=151MiB/s (158MB/s)(498MiB/3297msec)
  write: IOPS=638, BW=160MiB/s (167MB/s)(526MiB/3297msec)
   read: IOPS=1083, BW=271MiB/s (284MB/s)(998MiB/3681msec)
  write: IOPS=1141, BW=285MiB/s (299MB/s)(1051MiB/3681msec)
   read: IOPS=1388, BW=347MiB/s (364MB/s)(1498MiB/4315msec)
  write: IOPS=1459, BW=365MiB/s (383MB/s)(1575MiB/4315msec)
   read: IOPS=1602, BW=401MiB/s (420MB/s)(2004MiB/5001msec)
  write: IOPS=1673, BW=418MiB/s (439MB/s)(2092MiB/5001msec)
   read: IOPS=1733, BW=433MiB/s (455MB/s)(2521MiB/5815msec)
  write: IOPS=1787, BW=447MiB/s (469MB/s)(2599MiB/5815msec)
   read: IOPS=1865, BW=466MiB/s (489MB/s)(3048MiB/6536msec)
  write: IOPS=1894, BW=474MiB/s (497MB/s)(3096MiB/6536msec)
   read: IOPS=1942, BW=486MiB/s (509MB/s)(3560MiB/7331msec)
  write: IOPS=1968, BW=492MiB/s (516MB/s)(3609MiB/7331msec)
   read: IOPS=1983, BW=496MiB/s (520MB/s)(4061MiB/8191msec)
  write: IOPS=2017, BW=504MiB/s (529MB/s)(4131MiB/8191msec)
   read: IOPS=2020, BW=505MiB/s (530MB/s)(4567MiB/9041msec)
  write: IOPS=2056, BW=514MiB/s (539MB/s)(4649MiB/9041msec)
   read: IOPS=2078, BW=520MiB/s (545MB/s)(5093MiB/9798msec)
  write: IOPS=2101, BW=525MiB/s (551MB/s)(5148MiB/9798msec)
   read: IOPS=2106, BW=527MiB/s (552MB/s)(5268MiB/10004msec)
  write: IOPS=2121, BW=530MiB/s (556MB/s)(5306MiB/10004msec)
   read: IOPS=2162, BW=541MiB/s (567MB/s)(5408MiB/10004msec)
  write: IOPS=2174, BW=544MiB/s (570MB/s)(5438MiB/10004msec)
   read: IOPS=2170, BW=543MiB/s (569MB/s)(5428MiB/10004msec)
  write: IOPS=2188, BW=547MiB/s (574MB/s)(5474MiB/10004msec)
   read: IOPS=2194, BW=549MiB/s (575MB/s)(5490MiB/10005msec)
  write: IOPS=2209, BW=552MiB/s (579MB/s)(5527MiB/10005msec)
   read: IOPS=2201, BW=550MiB/s (577MB/s)(5508MiB/10005msec)
  write: IOPS=2211, BW=553MiB/s (580MB/s)(5532MiB/10005msec)
   read: IOPS=2225, BW=556MiB/s (583MB/s)(5568MiB/10007msec)
  write: IOPS=2231, BW=558MiB/s (585MB/s)(5584MiB/10007msec)
   read: IOPS=2226, BW=557MiB/s (584MB/s)(5571MiB/10006msec)
  write: IOPS=2222, BW=556MiB/s (583MB/s)(5559MiB/10006msec)
   read: IOPS=348, BW=349MiB/s (366MB/s)(496MiB/1422msec)
  write: IOPS=371, BW=371MiB/s (389MB/s)(528MiB/1422msec)
   read: IOPS=471, BW=472MiB/s (495MB/s)(982MiB/2082msec)
  write: IOPS=512, BW=512MiB/s (537MB/s)(1066MiB/2082msec)
   read: IOPS=523, BW=524MiB/s (549MB/s)(1503MiB/2869msec)
  write: IOPS=546, BW=547MiB/s (573MB/s)(1569MiB/2869msec)
   read: IOPS=538, BW=539MiB/s (565MB/s)(1997MiB/3707msec)
  write: IOPS=566, BW=566MiB/s (594MB/s)(2099MiB/3707msec)
   read: IOPS=550, BW=550MiB/s (577MB/s)(2503MiB/4547msec)
  write: IOPS=575, BW=576MiB/s (604MB/s)(2617MiB/4547msec)
   read: IOPS=562, BW=563MiB/s (590MB/s)(3021MiB/5369msec)
  write: IOPS=581, BW=582MiB/s (610MB/s)(3123MiB/5369msec)
   read: IOPS=568, BW=568MiB/s (596MB/s)(3529MiB/6211msec)
  write: IOPS=585, BW=586MiB/s (614MB/s)(3639MiB/6211msec)
   read: IOPS=565, BW=566MiB/s (593MB/s)(4012MiB/7092msec)
  write: IOPS=589, BW=589MiB/s (618MB/s)(4180MiB/7092msec)
   read: IOPS=569, BW=569MiB/s (597MB/s)(4504MiB/7913msec)
  write: IOPS=595, BW=595MiB/s (624MB/s)(4712MiB/7913msec)
   read: IOPS=573, BW=574MiB/s (601MB/s)(5027MiB/8765msec)
  write: IOPS=594, BW=595MiB/s (624MB/s)(5213MiB/8765msec)
   read: IOPS=578, BW=578MiB/s (606MB/s)(5553MiB/9603msec)
  write: IOPS=594, BW=595MiB/s (624MB/s)(5711MiB/9603msec)
   read: IOPS=580, BW=581MiB/s (609MB/s)(5811MiB/10009msec)
  write: IOPS=597, BW=597MiB/s (626MB/s)(5979MiB/10009msec)
   read: IOPS=586, BW=586MiB/s (614MB/s)(5866MiB/10010msec)
  write: IOPS=596, BW=597MiB/s (626MB/s)(5972MiB/10010msec)
   read: IOPS=591, BW=591MiB/s (620MB/s)(5918MiB/10010msec)
  write: IOPS=596, BW=597MiB/s (626MB/s)(5973MiB/10010msec)
   read: IOPS=7692, BW=15.0MiB/s (15.8MB/s)(150MiB/10001msec)
   read: IOPS=18.3k, BW=35.7MiB/s (37.4MB/s)(357MiB/10001msec)
   read: IOPS=17.2k, BW=33.5MiB/s (35.2MB/s)(335MiB/10001msec)
   read: IOPS=20.7k, BW=40.4MiB/s (42.4MB/s)(404MiB/10001msec)
   read: IOPS=22.7k, BW=44.4MiB/s (46.6MB/s)(444MiB/10001msec)
   read: IOPS=27.8k, BW=54.2MiB/s (56.9MB/s)(542MiB/10001msec)
   read: IOPS=30.0k, BW=58.6MiB/s (61.5MB/s)(586MiB/10001msec)
   read: IOPS=34.6k, BW=67.6MiB/s (70.9MB/s)(676MiB/10001msec)
   read: IOPS=35.2k, BW=68.7MiB/s (72.1MB/s)(688MiB/10002msec)
   read: IOPS=41.9k, BW=81.8MiB/s (85.8MB/s)(818MiB/10001msec)
   read: IOPS=45.3k, BW=88.5MiB/s (92.8MB/s)(885MiB/10001msec)
   read: IOPS=45.0k, BW=89.8MiB/s (94.2MB/s)(898MiB/10001msec)
   read: IOPS=49.1k, BW=95.8MiB/s (101MB/s)(959MiB/10002msec)
   read: IOPS=52.3k, BW=102MiB/s (107MB/s)(1021MiB/10001msec)
   read: IOPS=56.4k, BW=110MiB/s (116MB/s)(1102MiB/10001msec)
   read: IOPS=60.1k, BW=117MiB/s (123MB/s)(1175MiB/10001msec)
   read: IOPS=63.9k, BW=125MiB/s (131MB/s)(1249MiB/10001msec)
   read: IOPS=67.9k, BW=133MiB/s (139MB/s)(1326MiB/10001msec)
   read: IOPS=71.8k, BW=140MiB/s (147MB/s)(1403MiB/10002msec)
   read: IOPS=76.8k, BW=150MiB/s (157MB/s)(1500MiB/10001msec)
   read: IOPS=80.0k, BW=156MiB/s (164MB/s)(1563MiB/10002msec)
   read: IOPS=84.0k, BW=164MiB/s (172MB/s)(1641MiB/10001msec)
   read: IOPS=87.0k, BW=172MiB/s (180MB/s)(1718MiB/10002msec)
   read: IOPS=91.1k, BW=178MiB/s (187MB/s)(1780MiB/10001msec)
   read: IOPS=96.0k, BW=188MiB/s (197MB/s)(1876MiB/10001msec)
   read: IOPS=98.5k, BW=192MiB/s (202MB/s)(1924MiB/10001msec)
   read: IOPS=98.6k, BW=193MiB/s (202MB/s)(1926MiB/10001msec)
   read: IOPS=97.0k, BW=191MiB/s (201MB/s)(1914MiB/10002msec)
   read: IOPS=102k, BW=200MiB/s (210MB/s)(2002MiB/10002msec)
   read: IOPS=92.3k, BW=180MiB/s (189MB/s)(1802MiB/10002msec)
   read: IOPS=92.0k, BW=182MiB/s (190MB/s)(1816MiB/10001msec)
   read: IOPS=93.3k, BW=182MiB/s (191MB/s)(1823MiB/10002msec)
   read: IOPS=91.7k, BW=179MiB/s (188MB/s)(1792MiB/10001msec)
   read: IOPS=93.3k, BW=182MiB/s (191MB/s)(1822MiB/10002msec)
   read: IOPS=97.2k, BW=190MiB/s (199MB/s)(1899MiB/10002msec)
   read: IOPS=104k, BW=203MiB/s (213MB/s)(2029MiB/10002msec)
   read: IOPS=91.4k, BW=178MiB/s (187MB/s)(1785MiB/10002msec)
   read: IOPS=89.9k, BW=176MiB/s (184MB/s)(1756MiB/10001msec)
   read: IOPS=97.4k, BW=190MiB/s (199MB/s)(1902MiB/10001msec)
   read: IOPS=91.7k, BW=179MiB/s (188MB/s)(1791MiB/10001msec)
   read: IOPS=91.9k, BW=180MiB/s (188MB/s)(1796MiB/10002msec)
   read: IOPS=104k, BW=203MiB/s (212MB/s)(2027MiB/10001msec)
   read: IOPS=91.9k, BW=179MiB/s (188MB/s)(1794MiB/10002msec)
   read: IOPS=99.4k, BW=194MiB/s (204MB/s)(1942MiB/10001msec)
   read: IOPS=91.1k, BW=178MiB/s (187MB/s)(1780MiB/10002msec)
   read: IOPS=92.1k, BW=180MiB/s (189MB/s)(1800MiB/10002msec)
   read: IOPS=90.0k, BW=178MiB/s (186MB/s)(1777MiB/10002msec)
   read: IOPS=92.1k, BW=180MiB/s (189MB/s)(1799MiB/10002msec)
   read: IOPS=90.0k, BW=178MiB/s (186MB/s)(1778MiB/10002msec)
   read: IOPS=91.9k, BW=179MiB/s (188MB/s)(1795MiB/10002msec)
   read: IOPS=90.2k, BW=176MiB/s (185MB/s)(1763MiB/10002msec)
   read: IOPS=91.3k, BW=178MiB/s (187MB/s)(1783MiB/10002msec)
   read: IOPS=92.6k, BW=181MiB/s (190MB/s)(1810MiB/10002msec)
   read: IOPS=94.1k, BW=184MiB/s (193MB/s)(1837MiB/10002msec)
   read: IOPS=97.8k, BW=191MiB/s (200MB/s)(1911MiB/10001msec)
   read: IOPS=90.8k, BW=177MiB/s (186MB/s)(1773MiB/10001msec)
   read: IOPS=6910, BW=53.0MiB/s (56.6MB/s)(540MiB/10001msec)
   read: IOPS=15.1k, BW=118MiB/s (124MB/s)(1183MiB/10001msec)
   read: IOPS=18.6k, BW=145MiB/s (152MB/s)(1450MiB/10001msec)
   read: IOPS=18.0k, BW=141MiB/s (147MB/s)(1407MiB/10001msec)
   read: IOPS=20.0k, BW=156MiB/s (164MB/s)(1563MiB/10001msec)
   read: IOPS=24.1k, BW=188MiB/s (197MB/s)(1883MiB/10001msec)
   read: IOPS=26.9k, BW=210MiB/s (221MB/s)(2105MiB/10001msec)
   read: IOPS=30.4k, BW=237MiB/s (249MB/s)(2374MiB/10001msec)
   read: IOPS=33.4k, BW=261MiB/s (274MB/s)(2613MiB/10001msec)
   read: IOPS=37.4k, BW=292MiB/s (306MB/s)(2919MiB/10001msec)
   read: IOPS=38.9k, BW=304MiB/s (319MB/s)(3040MiB/10001msec)
   read: IOPS=44.0k, BW=344MiB/s (361MB/s)(3442MiB/10001msec)
   read: IOPS=47.0k, BW=367MiB/s (385MB/s)(3673MiB/10001msec)
   read: IOPS=47.8k, BW=374MiB/s (392MB/s)(3737MiB/10002msec)
   read: IOPS=51.1k, BW=399MiB/s (419MB/s)(3995MiB/10001msec)
   read: IOPS=54.1k, BW=422MiB/s (443MB/s)(4224MiB/10002msec)
   read: IOPS=57.2k, BW=447MiB/s (469MB/s)(4471MiB/10001msec)
   read: IOPS=60.1k, BW=470MiB/s (493MB/s)(4698MiB/10001msec)
   read: IOPS=63.5k, BW=496MiB/s (521MB/s)(4965MiB/10001msec)
   read: IOPS=66.3k, BW=518MiB/s (543MB/s)(5181MiB/10001msec)
   read: IOPS=69.6k, BW=544MiB/s (570MB/s)(5441MiB/10002msec)
   read: IOPS=72.4k, BW=566MiB/s (593MB/s)(5661MiB/10002msec)
   read: IOPS=77.8k, BW=607MiB/s (637MB/s)(6075MiB/10001msec)
   read: IOPS=78.1k, BW=610MiB/s (640MB/s)(6101MiB/10001msec)
   read: IOPS=80.7k, BW=630MiB/s (661MB/s)(6303MiB/10001msec)
   read: IOPS=84.6k, BW=661MiB/s (693MB/s)(6609MiB/10001msec)
   read: IOPS=87.6k, BW=685MiB/s (718MB/s)(6847MiB/10002msec)
   read: IOPS=90.8k, BW=709MiB/s (743MB/s)(7091MiB/10001msec)
   read: IOPS=90.8k, BW=710MiB/s (744MB/s)(7097MiB/10002msec)
   read: IOPS=92.2k, BW=720MiB/s (755MB/s)(7204MiB/10002msec)
   read: IOPS=98.4k, BW=769MiB/s (806MB/s)(7688MiB/10002msec)
   read: IOPS=100k, BW=784MiB/s (823MB/s)(7847MiB/10002msec)
   read: IOPS=93.3k, BW=729MiB/s (765MB/s)(7293MiB/10002msec)
   read: IOPS=96.6k, BW=755MiB/s (791MB/s)(7548MiB/10001msec)
   read: IOPS=100k, BW=784MiB/s (822MB/s)(7839MiB/10001msec)
   read: IOPS=98.0k, BW=773MiB/s (811MB/s)(7733MiB/10001msec)
   read: IOPS=97.5k, BW=761MiB/s (798MB/s)(7615MiB/10002msec)
   read: IOPS=91.0k, BW=719MiB/s (754MB/s)(7189MiB/10002msec)
   read: IOPS=94.8k, BW=740MiB/s (776MB/s)(7404MiB/10001msec)
   read: IOPS=92.3k, BW=721MiB/s (756MB/s)(7213MiB/10001msec)
   read: IOPS=93.7k, BW=732MiB/s (767MB/s)(7318MiB/10002msec)
   read: IOPS=93.1k, BW=727MiB/s (762MB/s)(7270MiB/10001msec)
   read: IOPS=92.0k, BW=719MiB/s (754MB/s)(7191MiB/10002msec)
   read: IOPS=95.1k, BW=743MiB/s (779MB/s)(7428MiB/10002msec)
   read: IOPS=91.1k, BW=712MiB/s (747MB/s)(7121MiB/10002msec)
   read: IOPS=94.5k, BW=738MiB/s (774MB/s)(7380MiB/10001msec)
   read: IOPS=95.5k, BW=746MiB/s (783MB/s)(7465MiB/10002msec)
   read: IOPS=91.4k, BW=714MiB/s (748MB/s)(7139MiB/10001msec)
   read: IOPS=95.2k, BW=744MiB/s (780MB/s)(7443MiB/10002msec)
   read: IOPS=1669, BW=417MiB/s (438MB/s)(1024MiB/2454msec)
   read: IOPS=3090, BW=773MiB/s (810MB/s)(2048MiB/2651msec)
   read: IOPS=3682, BW=921MiB/s (965MB/s)(3072MiB/3337msec)
   read: IOPS=5134, BW=1284MiB/s (1346MB/s)(4096MiB/3191msec)
   read: IOPS=3998, BW=1000MiB/s (1048MB/s)(5120MiB/5122msec)
   read: IOPS=5770, BW=1443MiB/s (1513MB/s)(6144MiB/4259msec)
   read: IOPS=4319, BW=1080MiB/s (1132MB/s)(7168MiB/6638msec)
   read: IOPS=5441, BW=1360MiB/s (1426MB/s)(8192MiB/6022msec)
   read: IOPS=4425, BW=1106MiB/s (1160MB/s)(9216MiB/8330msec)
   read: IOPS=5672, BW=1418MiB/s (1487MB/s)(10.0GiB/7221msec)
   read: IOPS=4292, BW=1073MiB/s (1125MB/s)(10.5GiB/10003msec)
   read: IOPS=5007, BW=1252MiB/s (1313MB/s)(12.0GiB/9815msec)
   read: IOPS=4710, BW=1178MiB/s (1235MB/s)(11.5GiB/10004msec)
   read: IOPS=5661, BW=1415MiB/s (1484MB/s)(13.8GiB/10003msec)
   read: IOPS=4449, BW=1112MiB/s (1166MB/s)(10.9GiB/10002msec)
   read: IOPS=5115, BW=1279MiB/s (1341MB/s)(12.5GiB/10004msec)
   read: IOPS=4891, BW=1223MiB/s (1282MB/s)(11.9GiB/10005msec)
   read: IOPS=5060, BW=1265MiB/s (1326MB/s)(12.4GiB/10004msec)
   read: IOPS=4587, BW=1147MiB/s (1203MB/s)(11.2GiB/10005msec)
   read: IOPS=5050, BW=1263MiB/s (1324MB/s)(12.3GiB/10006msec)
   read: IOPS=4713, BW=1178MiB/s (1236MB/s)(11.5GiB/10006msec)
   read: IOPS=5170, BW=1293MiB/s (1355MB/s)(12.6GiB/10006msec)
   read: IOPS=4731, BW=1183MiB/s (1240MB/s)(11.6GiB/10006msec)
   read: IOPS=5296, BW=1324MiB/s (1388MB/s)(12.9GiB/10006msec)
   read: IOPS=4968, BW=1242MiB/s (1302MB/s)(12.1GiB/10007msec)
   read: IOPS=5185, BW=1296MiB/s (1359MB/s)(12.7GiB/10007msec)
   read: IOPS=4855, BW=1214MiB/s (1273MB/s)(11.9GiB/10007msec)
   read: IOPS=5409, BW=1352MiB/s (1418MB/s)(13.2GiB/10007msec)
   read: IOPS=5244, BW=1311MiB/s (1375MB/s)(12.8GiB/10008msec)
   read: IOPS=5545, BW=1386MiB/s (1454MB/s)(13.5GiB/10006msec)
   read: IOPS=4981, BW=1245MiB/s (1306MB/s)(12.2GiB/10008msec)
   read: IOPS=5092, BW=1273MiB/s (1335MB/s)(12.4GiB/10008msec)
   read: IOPS=5462, BW=1366MiB/s (1432MB/s)(13.3GiB/10009msec)
   read: IOPS=5555, BW=1389MiB/s (1456MB/s)(13.6GiB/10008msec)
   read: IOPS=5737, BW=1434MiB/s (1504MB/s)(14.0GiB/10010msec)
   read: IOPS=5203, BW=1301MiB/s (1364MB/s)(12.7GiB/10009msec)
   read: IOPS=5249, BW=1312MiB/s (1376MB/s)(12.8GiB/10009msec)
   read: IOPS=5480, BW=1370MiB/s (1437MB/s)(13.4GiB/10008msec)
   read: IOPS=5829, BW=1457MiB/s (1528MB/s)(14.2GiB/10010msec)
   read: IOPS=5787, BW=1447MiB/s (1517MB/s)(14.1GiB/10006msec)
   read: IOPS=5776, BW=1444MiB/s (1514MB/s)(14.1GiB/10011msec)
   read: IOPS=5735, BW=1434MiB/s (1503MB/s)(14.0GiB/10011msec)
   read: IOPS=7017, BW=1754MiB/s (1840MB/s)(17.2GiB/10012msec)
   read: IOPS=5695, BW=1424MiB/s (1493MB/s)(13.9GiB/10011msec)
   read: IOPS=5923, BW=1481MiB/s (1553MB/s)(14.5GiB/10011msec)
   read: IOPS=5604, BW=1401MiB/s (1469MB/s)(13.7GiB/10012msec)
   read: IOPS=5827, BW=1457MiB/s (1528MB/s)(14.2GiB/10008msec)
   read: IOPS=5292, BW=1323MiB/s (1387MB/s)(12.9GiB/10012msec)
   read: IOPS=5838, BW=1460MiB/s (1531MB/s)(14.3GiB/10010msec)
   read: IOPS=7506, BW=1877MiB/s (1968MB/s)(18.3GiB/10009msec)
   read: IOPS=6439, BW=1610MiB/s (1688MB/s)(15.7GiB/10011msec)
   read: IOPS=7575, BW=1894MiB/s (1986MB/s)(18.5GiB/10011msec)
   read: IOPS=7002, BW=1751MiB/s (1836MB/s)(17.1GiB/10011msec)
   read: IOPS=7713, BW=1928MiB/s (2022MB/s)(18.9GiB/10013msec)
   read: IOPS=6967, BW=1742MiB/s (1826MB/s)(17.0GiB/10012msec)
   read: IOPS=7745, BW=1936MiB/s (2030MB/s)(18.9GiB/10010msec)
   read: IOPS=7075, BW=1769MiB/s (1855MB/s)(17.3GiB/10013msec)
   read: IOPS=7823, BW=1956MiB/s (2051MB/s)(19.1GiB/10010msec)
   read: IOPS=7315, BW=1829MiB/s (1918MB/s)(17.9GiB/10014msec)
   read: IOPS=7830, BW=1958MiB/s (2053MB/s)(19.1GiB/10009msec)
   read: IOPS=7419, BW=1855MiB/s (1945MB/s)(18.1GiB/10011msec)
   read: IOPS=7852, BW=1963MiB/s (2058MB/s)(19.2GiB/10008msec)
   read: IOPS=7356, BW=1839MiB/s (1929MB/s)(17.0GiB/10015msec)
   read: IOPS=7862, BW=1966MiB/s (2061MB/s)(19.2GiB/10010msec)
   read: IOPS=7480, BW=1870MiB/s (1961MB/s)(18.3GiB/10011msec)
   read: IOPS=7925, BW=1981MiB/s (2078MB/s)(19.4GiB/10015msec)
   read: IOPS=7647, BW=1912MiB/s (2005MB/s)(18.7GiB/10015msec)
   read: IOPS=7921, BW=1980MiB/s (2077MB/s)(19.4GiB/10016msec)
   read: IOPS=7810, BW=1953MiB/s (2047MB/s)(19.1GiB/10010msec)
   read: IOPS=7944, BW=1986MiB/s (2083MB/s)(19.4GiB/10010msec)
   read: IOPS=7752, BW=1938MiB/s (2032MB/s)(18.0GiB/10017msec)
   read: IOPS=7962, BW=1991MiB/s (2087MB/s)(19.5GiB/10017msec)
   read: IOPS=7896, BW=1974MiB/s (2070MB/s)(19.3GiB/10012msec)
   read: IOPS=7960, BW=1990MiB/s (2087MB/s)(19.5GiB/10017msec)
   read: IOPS=7878, BW=1970MiB/s (2065MB/s)(19.3GiB/10017msec)
   read: IOPS=7987, BW=1997MiB/s (2094MB/s)(19.5GiB/10014msec)
   read: IOPS=7938, BW=1985MiB/s (2081MB/s)(19.4GiB/10015msec)
   read: IOPS=1179, BW=1180MiB/s (1237MB/s)(1024MiB/868msec)
   read: IOPS=1646, BW=1646MiB/s (1726MB/s)(2048MiB/1244msec)
   read: IOPS=1809, BW=1809MiB/s (1897MB/s)(3072MiB/1698msec)
   read: IOPS=1872, BW=1873MiB/s (1964MB/s)(4096MiB/2187msec)
   read: IOPS=1909, BW=1910MiB/s (2003MB/s)(5120MiB/2681msec)
   read: IOPS=1930, BW=1931MiB/s (2025MB/s)(6144MiB/3182msec)
   read: IOPS=1949, BW=1950MiB/s (2045MB/s)(7168MiB/3676msec)
   read: IOPS=1959, BW=1960MiB/s (2055MB/s)(8192MiB/4180msec)
   read: IOPS=1968, BW=1968MiB/s (2064MB/s)(9216MiB/4682msec)
   read: IOPS=1980, BW=1980MiB/s (2076MB/s)(10.0GiB/5171msec)
   read: IOPS=1987, BW=1988MiB/s (2085MB/s)(11.0GiB/5666msec)
   read: IOPS=1993, BW=1994MiB/s (2090MB/s)(12.0GiB/6164msec)
   read: IOPS=1994, BW=1994MiB/s (2091MB/s)(13.0GiB/6675msec)
   read: IOPS=1998, BW=1998MiB/s (2095MB/s)(14.0GiB/7175msec)
  write: IOPS=9036, BW=17.6MiB/s (18.5MB/s)(177MiB/10001msec)
  write: IOPS=10.6k, BW=20.6MiB/s (21.6MB/s)(206MiB/10001msec)
  write: IOPS=16.1k, BW=31.5MiB/s (33.1MB/s)(315MiB/10001msec)
  write: IOPS=20.3k, BW=39.6MiB/s (41.5MB/s)(396MiB/10001msec)
  write: IOPS=22.3k, BW=43.6MiB/s (45.7MB/s)(436MiB/10001msec)
  write: IOPS=25.3k, BW=49.4MiB/s (51.8MB/s)(494MiB/10001msec)
  write: IOPS=33.2k, BW=64.8MiB/s (67.0MB/s)(648MiB/10001msec)
  write: IOPS=33.8k, BW=66.0MiB/s (69.2MB/s)(660MiB/10001msec)
  write: IOPS=41.8k, BW=81.7MiB/s (85.7MB/s)(817MiB/10001msec)
  write: IOPS=43.5k, BW=84.9MiB/s (89.0MB/s)(849MiB/10001msec)
  write: IOPS=47.5k, BW=92.8MiB/s (97.3MB/s)(928MiB/10001msec)
  write: IOPS=51.4k, BW=100MiB/s (105MB/s)(1003MiB/10002msec)
  write: IOPS=53.0k, BW=105MiB/s (111MB/s)(1055MiB/10001msec)
  write: IOPS=57.7k, BW=113MiB/s (118MB/s)(1127MiB/10001msec)
  write: IOPS=63.3k, BW=124MiB/s (130MB/s)(1236MiB/10001msec)
  write: IOPS=70.3k, BW=137MiB/s (144MB/s)(1374MiB/10001msec)
  write: IOPS=76.3k, BW=149MiB/s (156MB/s)(1490MiB/10001msec)
  write: IOPS=74.6k, BW=146MiB/s (153MB/s)(1457MiB/10002msec)
  write: IOPS=75.5k, BW=148MiB/s (155MB/s)(1476MiB/10001msec)
  write: IOPS=76.0k, BW=150MiB/s (158MB/s)(1504MiB/10001msec)
  write: IOPS=85.2k, BW=166MiB/s (175MB/s)(1664MiB/10001msec)
  write: IOPS=86.5k, BW=169MiB/s (177MB/s)(1690MiB/10001msec)
  write: IOPS=89.0k, BW=176MiB/s (184MB/s)(1757MiB/10002msec)
  write: IOPS=91.1k, BW=178MiB/s (187MB/s)(1780MiB/10002msec)
  write: IOPS=99.5k, BW=194MiB/s (204MB/s)(1943MiB/10001msec)
  write: IOPS=101k, BW=197MiB/s (206MB/s)(1968MiB/10001msec)
  write: IOPS=99.7k, BW=195MiB/s (204MB/s)(1947MiB/10001msec)
  write: IOPS=101k, BW=198MiB/s (208MB/s)(1982MiB/10002msec)
  write: IOPS=96.0k, BW=189MiB/s (199MB/s)(1894MiB/10001msec)
  write: IOPS=101k, BW=198MiB/s (208MB/s)(1980MiB/10002msec)
  write: IOPS=91.5k, BW=179MiB/s (187MB/s)(1788MiB/10002msec)
  write: IOPS=98.4k, BW=192MiB/s (201MB/s)(1921MiB/10002msec)
  write: IOPS=95.1k, BW=186MiB/s (195MB/s)(1857MiB/10001msec)
  write: IOPS=99.7k, BW=195MiB/s (204MB/s)(1947MiB/10001msec)
  write: IOPS=96.6k, BW=189MiB/s (198MB/s)(1886MiB/10001msec)
  write: IOPS=95.3k, BW=186MiB/s (195MB/s)(1862MiB/10001msec)
  write: IOPS=99.8k, BW=195MiB/s (204MB/s)(1949MiB/10002msec)
  write: IOPS=97.5k, BW=191MiB/s (200MB/s)(1905MiB/10001msec)
  write: IOPS=93.0k, BW=184MiB/s (192MB/s)(1836MiB/10001msec)
  write: IOPS=91.4k, BW=179MiB/s (187MB/s)(1786MiB/10001msec)
  write: IOPS=95.6k, BW=187MiB/s (196MB/s)(1868MiB/10002msec)
  write: IOPS=92.5k, BW=181MiB/s (189MB/s)(1806MiB/10001msec)
  write: IOPS=98.2k, BW=192MiB/s (201MB/s)(1918MiB/10002msec)
  write: IOPS=8686, BW=67.9MiB/s (71.2MB/s)(679MiB/10001msec)
  write: IOPS=10.2k, BW=79.8MiB/s (83.7MB/s)(798MiB/10001msec)
  write: IOPS=15.2k, BW=119MiB/s (125MB/s)(1191MiB/10001msec)
  write: IOPS=17.1k, BW=133MiB/s (140MB/s)(1333MiB/10001msec)
  write: IOPS=21.2k, BW=166MiB/s (174MB/s)(1659MiB/10001msec)
  write: IOPS=24.4k, BW=191MiB/s (200MB/s)(1906MiB/10001msec)
  write: IOPS=30.5k, BW=238MiB/s (250MB/s)(2381MiB/10001msec)
  write: IOPS=31.0k, BW=250MiB/s (262MB/s)(2497MiB/10001msec)
  write: IOPS=38.6k, BW=302MiB/s (316MB/s)(3016MiB/10001msec)
  write: IOPS=40.7k, BW=318MiB/s (333MB/s)(3180MiB/10001msec)
  write: IOPS=44.0k, BW=344MiB/s (361MB/s)(3439MiB/10002msec)
  write: IOPS=47.2k, BW=368MiB/s (386MB/s)(3685MiB/10001msec)
  write: IOPS=49.9k, BW=390MiB/s (409MB/s)(3896MiB/10001msec)
  write: IOPS=52.1k, BW=407MiB/s (427MB/s)(4073MiB/10001msec)
  write: IOPS=54.4k, BW=425MiB/s (446MB/s)(4251MiB/10002msec)
  write: IOPS=56.0k, BW=445MiB/s (467MB/s)(4452MiB/10001msec)
  write: IOPS=54.8k, BW=428MiB/s (449MB/s)(4283MiB/10002msec)
  write: IOPS=56.7k, BW=443MiB/s (465MB/s)(4434MiB/10002msec)
  write: IOPS=58.4k, BW=457MiB/s (479MB/s)(4566MiB/10001msec)
  write: IOPS=60.9k, BW=476MiB/s (499MB/s)(4761MiB/10001msec)
  write: IOPS=61.6k, BW=481MiB/s (505MB/s)(4813MiB/10001msec)
  write: IOPS=63.0k, BW=492MiB/s (516MB/s)(4925MiB/10001msec)
  write: IOPS=64.2k, BW=501MiB/s (526MB/s)(5014MiB/10002msec)
  write: IOPS=66.8k, BW=522MiB/s (547MB/s)(5216MiB/10001msec)
  write: IOPS=1373, BW=343MiB/s (360MB/s)(1024MiB/2982msec)
  write: IOPS=2975, BW=744MiB/s (780MB/s)(2048MiB/2753msec)
  write: IOPS=3645, BW=911MiB/s (956MB/s)(3072MiB/3371msec)
  write: IOPS=3636, BW=909MiB/s (953MB/s)(4096MiB/4506msec)
  write: IOPS=3646, BW=912MiB/s (956MB/s)(5120MiB/5617msec)
  write: IOPS=3634, BW=909MiB/s (953MB/s)(6144MiB/6761msec)
  write: IOPS=3642, BW=911MiB/s (955MB/s)(7168MiB/7872msec)
  write: IOPS=3660, BW=915MiB/s (959MB/s)(8192MiB/8953msec)
  write: IOPS=3662, BW=916MiB/s (960MB/s)(9161MiB/10004msec)
  write: IOPS=3673, BW=918MiB/s (963MB/s)(9189MiB/10005msec)
  write: IOPS=3681, BW=920MiB/s (965MB/s)(9207MiB/10005msec)
  write: IOPS=3683, BW=921MiB/s (966MB/s)(9213MiB/10004msec)
  write: IOPS=3696, BW=924MiB/s (969MB/s)(9246MiB/10006msec)
  write: IOPS=3705, BW=926MiB/s (971MB/s)(9268MiB/10006msec)
  write: IOPS=708, BW=708MiB/s (743MB/s)(1024MiB/1446msec)
  write: IOPS=913, BW=914MiB/s (958MB/s)(2048MiB/2241msec)
  write: IOPS=912, BW=913MiB/s (957MB/s)(3072MiB/3366msec)
  write: IOPS=914, BW=914MiB/s (958MB/s)(4096MiB/4481msec)
  write: IOPS=923, BW=923MiB/s (968MB/s)(5120MiB/5546msec)
  write: IOPS=926, BW=927MiB/s (972MB/s)(6144MiB/6631msec)
  write: IOPS=931, BW=932MiB/s (977MB/s)(7168MiB/7692msec)
  write: IOPS=936, BW=936MiB/s (982MB/s)(8192MiB/8750msec)
  write: IOPS=938, BW=938MiB/s (984MB/s)(9216MiB/9822msec)
  write: IOPS=938, BW=939MiB/s (984MB/s)(9395MiB/10010msec)
  write: IOPS=939, BW=939MiB/s (985MB/s)(9400MiB/10010msec)
  write: IOPS=938, BW=939MiB/s (985MB/s)(9402MiB/10013msec)
  write: IOPS=939, BW=939MiB/s (985MB/s)(9405MiB/10014msec)
   read: IOPS=4145, BW=8292KiB/s (8491kB/s)(80.0MiB/10001msec)
  write: IOPS=4131, BW=8264KiB/s (8462kB/s)(80.7MiB/10001msec)
   read: IOPS=6635, BW=12.0MiB/s (13.6MB/s)(130MiB/10001msec)
  write: IOPS=6667, BW=13.0MiB/s (13.7MB/s)(130MiB/10001msec)
   read: IOPS=8153, BW=15.9MiB/s (16.7MB/s)(159MiB/10001msec)
  write: IOPS=8167, BW=15.0MiB/s (16.7MB/s)(160MiB/10001msec)
   read: IOPS=10.5k, BW=20.5MiB/s (21.5MB/s)(206MiB/10001msec)
  write: IOPS=10.6k, BW=20.6MiB/s (21.6MB/s)(206MiB/10001msec)
   read: IOPS=12.9k, BW=25.2MiB/s (26.4MB/s)(252MiB/10001msec)
  write: IOPS=12.9k, BW=25.3MiB/s (26.5MB/s)(253MiB/10001msec)
   read: IOPS=13.9k, BW=27.1MiB/s (28.4MB/s)(271MiB/10001msec)
  write: IOPS=13.9k, BW=27.1MiB/s (28.4MB/s)(271MiB/10001msec)
   read: IOPS=15.4k, BW=30.1MiB/s (31.6MB/s)(301MiB/10001msec)
  write: IOPS=15.4k, BW=30.1MiB/s (31.6MB/s)(301MiB/10001msec)
   read: IOPS=17.7k, BW=34.6MiB/s (36.3MB/s)(346MiB/10001msec)
  write: IOPS=17.7k, BW=34.6MiB/s (36.3MB/s)(346MiB/10001msec)
   read: IOPS=20.6k, BW=40.3MiB/s (42.2MB/s)(403MiB/10001msec)
  write: IOPS=20.7k, BW=40.4MiB/s (42.4MB/s)(404MiB/10001msec)
   read: IOPS=21.6k, BW=42.2MiB/s (44.3MB/s)(422MiB/10001msec)
  write: IOPS=21.6k, BW=42.3MiB/s (44.3MB/s)(423MiB/10001msec)
   read: IOPS=23.6k, BW=46.1MiB/s (48.4MB/s)(462MiB/10001msec)
  write: IOPS=23.6k, BW=46.1MiB/s (48.4MB/s)(461MiB/10001msec)
   read: IOPS=25.5k, BW=49.8MiB/s (52.2MB/s)(498MiB/10001msec)
  write: IOPS=25.5k, BW=49.9MiB/s (52.3MB/s)(499MiB/10001msec)
   read: IOPS=26.8k, BW=52.4MiB/s (54.9MB/s)(524MiB/10001msec)
  write: IOPS=26.8k, BW=52.4MiB/s (54.9MB/s)(524MiB/10001msec)
   read: IOPS=28.8k, BW=56.3MiB/s (59.0MB/s)(563MiB/10001msec)
  write: IOPS=28.9k, BW=56.4MiB/s (59.1MB/s)(564MiB/10001msec)
   read: IOPS=30.9k, BW=60.3MiB/s (63.2MB/s)(603MiB/10001msec)
  write: IOPS=30.9k, BW=60.4MiB/s (63.3MB/s)(604MiB/10001msec)
   read: IOPS=33.1k, BW=64.6MiB/s (67.7MB/s)(646MiB/10001msec)
  write: IOPS=33.1k, BW=64.7MiB/s (67.8MB/s)(647MiB/10001msec)
   read: IOPS=35.2k, BW=68.7MiB/s (72.0MB/s)(687MiB/10001msec)
  write: IOPS=35.2k, BW=68.7MiB/s (72.0MB/s)(687MiB/10001msec)
   read: IOPS=37.5k, BW=73.2MiB/s (76.7MB/s)(732MiB/10001msec)
  write: IOPS=37.5k, BW=73.2MiB/s (76.8MB/s)(732MiB/10001msec)
   read: IOPS=40.1k, BW=78.3MiB/s (82.1MB/s)(783MiB/10001msec)
  write: IOPS=40.1k, BW=78.4MiB/s (82.2MB/s)(784MiB/10001msec)
   read: IOPS=43.3k, BW=84.5MiB/s (88.6MB/s)(845MiB/10001msec)
  write: IOPS=43.3k, BW=84.7MiB/s (88.8MB/s)(847MiB/10001msec)
   read: IOPS=44.0k, BW=87.9MiB/s (92.1MB/s)(879MiB/10001msec)
  write: IOPS=45.1k, BW=88.0MiB/s (92.3MB/s)(880MiB/10001msec)
   read: IOPS=50.4k, BW=98.4MiB/s (103MB/s)(985MiB/10002msec)
  write: IOPS=50.4k, BW=98.5MiB/s (103MB/s)(985MiB/10002msec)
   read: IOPS=51.0k, BW=102MiB/s (106MB/s)(1015MiB/10001msec)
  write: IOPS=51.0k, BW=102MiB/s (106MB/s)(1015MiB/10001msec)
   read: IOPS=51.1k, BW=99.7MiB/s (105MB/s)(997MiB/10001msec)
  write: IOPS=51.1k, BW=99.8MiB/s (105MB/s)(998MiB/10001msec)
   read: IOPS=48.4k, BW=94.5MiB/s (99.1MB/s)(945MiB/10002msec)
  write: IOPS=48.4k, BW=94.6MiB/s (99.2MB/s)(946MiB/10002msec)
   read: IOPS=51.6k, BW=101MiB/s (106MB/s)(1008MiB/10001msec)
  write: IOPS=51.7k, BW=101MiB/s (106MB/s)(1009MiB/10001msec)
   read: IOPS=51.6k, BW=101MiB/s (106MB/s)(1007MiB/10002msec)
  write: IOPS=51.6k, BW=101MiB/s (106MB/s)(1008MiB/10002msec)
   read: IOPS=51.9k, BW=101MiB/s (106MB/s)(1013MiB/10002msec)
  write: IOPS=51.9k, BW=101MiB/s (106MB/s)(1014MiB/10002msec)
   read: IOPS=51.4k, BW=100MiB/s (105MB/s)(1004MiB/10001msec)
  write: IOPS=51.5k, BW=101MiB/s (105MB/s)(1005MiB/10001msec)
   read: IOPS=51.1k, BW=99.8MiB/s (105MB/s)(998MiB/10002msec)
  write: IOPS=51.2k, BW=99.9MiB/s (105MB/s)(1000MiB/10002msec)
   read: IOPS=49.1k, BW=95.9MiB/s (101MB/s)(959MiB/10001msec)
  write: IOPS=49.2k, BW=96.1MiB/s (101MB/s)(961MiB/10001msec)
   read: IOPS=48.8k, BW=95.4MiB/s (100MB/s)(954MiB/10002msec)
  write: IOPS=48.9k, BW=95.5MiB/s (100MB/s)(955MiB/10002msec)
   read: IOPS=49.8k, BW=97.2MiB/s (102MB/s)(972MiB/10001msec)
  write: IOPS=49.9k, BW=97.4MiB/s (102MB/s)(974MiB/10001msec)
   read: IOPS=49.9k, BW=97.5MiB/s (102MB/s)(975MiB/10002msec)
  write: IOPS=50.0k, BW=97.7MiB/s (102MB/s)(977MiB/10002msec)
   read: IOPS=46.8k, BW=91.5MiB/s (95.9MB/s)(915MiB/10002msec)
  write: IOPS=46.0k, BW=91.7MiB/s (96.2MB/s)(917MiB/10002msec)
   read: IOPS=46.0k, BW=89.9MiB/s (94.2MB/s)(899MiB/10002msec)
  write: IOPS=46.2k, BW=90.1MiB/s (94.5MB/s)(902MiB/10002msec)
   read: IOPS=50.0k, BW=99.6MiB/s (104MB/s)(996MiB/10002msec)
  write: IOPS=51.1k, BW=99.8MiB/s (105MB/s)(999MiB/10002msec)
   read: IOPS=47.5k, BW=92.7MiB/s (97.2MB/s)(927MiB/10002msec)
  write: IOPS=47.6k, BW=93.0MiB/s (97.6MB/s)(931MiB/10002msec)
   read: IOPS=47.1k, BW=92.1MiB/s (96.5MB/s)(921MiB/10002msec)
  write: IOPS=47.3k, BW=92.3MiB/s (96.8MB/s)(924MiB/10002msec)
   read: IOPS=51.1k, BW=99.8MiB/s (105MB/s)(999MiB/10002msec)
  write: IOPS=51.3k, BW=100MiB/s (105MB/s)(1002MiB/10002msec)
   read: IOPS=48.6k, BW=94.9MiB/s (99.5MB/s)(949MiB/10001msec)
  write: IOPS=48.8k, BW=95.4MiB/s (99.0MB/s)(954MiB/10001msec)
   read: IOPS=48.4k, BW=94.6MiB/s (99.1MB/s)(946MiB/10002msec)
  write: IOPS=48.6k, BW=94.0MiB/s (99.6MB/s)(950MiB/10002msec)
   read: IOPS=47.3k, BW=92.3MiB/s (96.8MB/s)(924MiB/10001msec)
  write: IOPS=47.4k, BW=92.7MiB/s (97.2MB/s)(927MiB/10001msec)
   read: IOPS=47.6k, BW=93.0MiB/s (97.6MB/s)(931MiB/10001msec)
  write: IOPS=47.8k, BW=93.4MiB/s (97.0MB/s)(934MiB/10001msec)
   read: IOPS=48.1k, BW=94.0MiB/s (98.6MB/s)(940MiB/10001msec)
  write: IOPS=48.3k, BW=94.4MiB/s (98.0MB/s)(944MiB/10001msec)
   read: IOPS=49.8k, BW=97.2MiB/s (102MB/s)(972MiB/10001msec)
  write: IOPS=50.0k, BW=97.7MiB/s (102MB/s)(977MiB/10001msec)
   read: IOPS=46.7k, BW=91.2MiB/s (95.6MB/s)(912MiB/10001msec)
  write: IOPS=46.8k, BW=91.5MiB/s (95.9MB/s)(915MiB/10001msec)
   read: IOPS=50.6k, BW=98.9MiB/s (104MB/s)(989MiB/10002msec)
  write: IOPS=50.8k, BW=99.1MiB/s (104MB/s)(992MiB/10002msec)
   read: IOPS=47.5k, BW=92.7MiB/s (97.2MB/s)(927MiB/10002msec)
  write: IOPS=47.6k, BW=92.0MiB/s (97.5MB/s)(930MiB/10002msec)
   read: IOPS=49.1k, BW=95.8MiB/s (100MB/s)(959MiB/10001msec)
  write: IOPS=49.2k, BW=96.1MiB/s (101MB/s)(961MiB/10001msec)
   read: IOPS=49.1k, BW=95.8MiB/s (100MB/s)(959MiB/10002msec)
  write: IOPS=49.2k, BW=96.1MiB/s (101MB/s)(961MiB/10002msec)
   read: IOPS=48.5k, BW=94.6MiB/s (99.2MB/s)(946MiB/10001msec)
  write: IOPS=48.6k, BW=94.9MiB/s (99.5MB/s)(949MiB/10001msec)
   read: IOPS=49.1k, BW=95.9MiB/s (101MB/s)(959MiB/10002msec)
  write: IOPS=49.2k, BW=96.1MiB/s (101MB/s)(962MiB/10002msec)
   read: IOPS=49.2k, BW=96.1MiB/s (101MB/s)(962MiB/10002msec)
  write: IOPS=49.3k, BW=96.3MiB/s (101MB/s)(964MiB/10002msec)
   read: IOPS=48.9k, BW=95.5MiB/s (100MB/s)(955MiB/10002msec)
  write: IOPS=48.0k, BW=95.7MiB/s (100MB/s)(957MiB/10002msec)
   read: IOPS=45.0k, BW=89.8MiB/s (94.2MB/s)(899MiB/10002msec)
  write: IOPS=46.1k, BW=89.9MiB/s (94.3MB/s)(900MiB/10002msec)
   read: IOPS=49.7k, BW=97.1MiB/s (102MB/s)(971MiB/10002msec)
  write: IOPS=49.8k, BW=97.3MiB/s (102MB/s)(973MiB/10002msec)
   read: IOPS=47.2k, BW=92.2MiB/s (96.7MB/s)(923MiB/10002msec)
  write: IOPS=47.3k, BW=92.3MiB/s (96.8MB/s)(924MiB/10002msec)
   read: IOPS=48.2k, BW=94.2MiB/s (98.7MB/s)(942MiB/10002msec)
  write: IOPS=48.3k, BW=94.4MiB/s (98.9MB/s)(944MiB/10002msec)
   read: IOPS=48.9k, BW=95.5MiB/s (100MB/s)(955MiB/10002msec)
  write: IOPS=48.9k, BW=95.5MiB/s (100MB/s)(955MiB/10002msec)
   read: IOPS=48.5k, BW=94.7MiB/s (99.3MB/s)(947MiB/10001msec)
  write: IOPS=48.6k, BW=94.0MiB/s (99.6MB/s)(950MiB/10001msec)
   read: IOPS=45.8k, BW=89.4MiB/s (93.8MB/s)(894MiB/10001msec)
  write: IOPS=45.8k, BW=89.5MiB/s (93.9MB/s)(895MiB/10001msec)
   read: IOPS=46.5k, BW=90.8MiB/s (95.3MB/s)(909MiB/10002msec)
  write: IOPS=46.6k, BW=90.0MiB/s (95.4MB/s)(910MiB/10002msec)
   read: IOPS=50.4k, BW=98.5MiB/s (103MB/s)(985MiB/10001msec)
  write: IOPS=50.5k, BW=98.6MiB/s (103MB/s)(987MiB/10001msec)
   read: IOPS=45.5k, BW=88.8MiB/s (93.2MB/s)(889MiB/10002msec)
  write: IOPS=45.6k, BW=88.0MiB/s (93.3MB/s)(890MiB/10002msec)
   read: IOPS=46.6k, BW=91.0MiB/s (95.4MB/s)(910MiB/10001msec)
  write: IOPS=46.6k, BW=90.0MiB/s (95.4MB/s)(910MiB/10001msec)
   read: IOPS=47.4k, BW=92.6MiB/s (97.1MB/s)(926MiB/10002msec)
  write: IOPS=47.4k, BW=92.7MiB/s (97.2MB/s)(927MiB/10002msec)
   read: IOPS=46.9k, BW=91.6MiB/s (96.0MB/s)(916MiB/10002msec)
  write: IOPS=46.9k, BW=91.7MiB/s (96.1MB/s)(917MiB/10002msec)
   read: IOPS=45.3k, BW=88.5MiB/s (92.8MB/s)(885MiB/10001msec)
  write: IOPS=45.3k, BW=88.5MiB/s (92.8MB/s)(885MiB/10001msec)
   read: IOPS=48.7k, BW=95.0MiB/s (99.6MB/s)(950MiB/10002msec)
  write: IOPS=48.7k, BW=95.1MiB/s (99.7MB/s)(951MiB/10002msec)
   read: IOPS=48.3k, BW=94.3MiB/s (98.8MB/s)(943MiB/10001msec)
  write: IOPS=48.4k, BW=94.5MiB/s (99.1MB/s)(945MiB/10001msec)
   read: IOPS=46.8k, BW=91.4MiB/s (95.9MB/s)(915MiB/10002msec)
  write: IOPS=46.9k, BW=91.5MiB/s (95.0MB/s)(915MiB/10002msec)
   read: IOPS=45.5k, BW=88.8MiB/s (93.1MB/s)(888MiB/10002msec)
  write: IOPS=45.5k, BW=88.9MiB/s (93.2MB/s)(889MiB/10002msec)
   read: IOPS=48.9k, BW=95.6MiB/s (100MB/s)(956MiB/10002msec)
  write: IOPS=48.0k, BW=95.6MiB/s (100MB/s)(957MiB/10002msec)
   read: IOPS=45.3k, BW=88.4MiB/s (92.7MB/s)(885MiB/10002msec)
  write: IOPS=45.3k, BW=88.6MiB/s (92.9MB/s)(886MiB/10002msec)
   read: IOPS=45.6k, BW=89.0MiB/s (93.3MB/s)(890MiB/10003msec)
  write: IOPS=45.6k, BW=89.1MiB/s (93.4MB/s)(891MiB/10003msec)
   read: IOPS=45.5k, BW=88.8MiB/s (93.1MB/s)(888MiB/10001msec)
  write: IOPS=45.5k, BW=88.9MiB/s (93.2MB/s)(889MiB/10001msec)
   read: IOPS=48.2k, BW=94.1MiB/s (98.6MB/s)(941MiB/10001msec)
  write: IOPS=48.2k, BW=94.1MiB/s (98.7MB/s)(941MiB/10001msec)
   read: IOPS=51.2k, BW=99.0MiB/s (105MB/s)(1000MiB/10001msec)
  write: IOPS=51.2k, BW=100MiB/s (105MB/s)(1001MiB/10001msec)
   read: IOPS=48.3k, BW=94.4MiB/s (98.0MB/s)(944MiB/10002msec)
  write: IOPS=48.3k, BW=94.4MiB/s (99.0MB/s)(944MiB/10002msec)
   read: IOPS=47.8k, BW=93.4MiB/s (97.0MB/s)(934MiB/10002msec)
  write: IOPS=47.8k, BW=93.3MiB/s (97.9MB/s)(934MiB/10002msec)
   read: IOPS=45.7k, BW=89.2MiB/s (93.6MB/s)(893MiB/10002msec)
  write: IOPS=45.7k, BW=89.2MiB/s (93.6MB/s)(892MiB/10002msec)
   read: IOPS=46.5k, BW=90.7MiB/s (95.1MB/s)(907MiB/10002msec)
  write: IOPS=46.5k, BW=90.8MiB/s (95.3MB/s)(909MiB/10002msec)
   read: IOPS=48.8k, BW=95.3MiB/s (99.9MB/s)(953MiB/10002msec)
  write: IOPS=48.8k, BW=95.3MiB/s (99.9MB/s)(953MiB/10002msec)
   read: IOPS=45.7k, BW=89.3MiB/s (93.6MB/s)(893MiB/10002msec)
  write: IOPS=45.7k, BW=89.3MiB/s (93.7MB/s)(893MiB/10002msec)
   read: IOPS=45.4k, BW=88.8MiB/s (93.1MB/s)(888MiB/10002msec)
  write: IOPS=45.4k, BW=88.8MiB/s (93.1MB/s)(888MiB/10002msec)
   read: IOPS=46.5k, BW=90.8MiB/s (95.2MB/s)(908MiB/10001msec)
  write: IOPS=46.4k, BW=90.7MiB/s (95.1MB/s)(907MiB/10001msec)
   read: IOPS=46.5k, BW=90.8MiB/s (95.2MB/s)(908MiB/10002msec)
  write: IOPS=46.5k, BW=90.9MiB/s (95.3MB/s)(909MiB/10002msec)
   read: IOPS=45.6k, BW=89.1MiB/s (93.4MB/s)(891MiB/10002msec)
  write: IOPS=45.6k, BW=89.1MiB/s (93.4MB/s)(891MiB/10002msec)
   read: IOPS=45.6k, BW=89.1MiB/s (93.5MB/s)(892MiB/10002msec)
  write: IOPS=45.7k, BW=89.2MiB/s (93.5MB/s)(892MiB/10002msec)
   read: IOPS=45.2k, BW=88.3MiB/s (92.6MB/s)(884MiB/10002msec)
  write: IOPS=45.2k, BW=88.3MiB/s (92.6MB/s)(883MiB/10002msec)
   read: IOPS=47.6k, BW=92.9MiB/s (97.4MB/s)(929MiB/10002msec)
  write: IOPS=47.5k, BW=92.7MiB/s (97.2MB/s)(927MiB/10002msec)
   read: IOPS=45.0k, BW=87.0MiB/s (92.3MB/s)(880MiB/10002msec)
  write: IOPS=45.0k, BW=87.9MiB/s (92.2MB/s)(879MiB/10002msec)
   read: IOPS=50.8k, BW=99.2MiB/s (104MB/s)(992MiB/10002msec)
  write: IOPS=50.8k, BW=99.2MiB/s (104MB/s)(992MiB/10002msec)
   read: IOPS=45.4k, BW=88.6MiB/s (92.9MB/s)(886MiB/10002msec)
  write: IOPS=45.4k, BW=88.7MiB/s (92.0MB/s)(887MiB/10002msec)
   read: IOPS=45.4k, BW=88.6MiB/s (92.9MB/s)(886MiB/10002msec)
  write: IOPS=45.3k, BW=88.4MiB/s (92.7MB/s)(885MiB/10002msec)
   read: IOPS=44.9k, BW=87.8MiB/s (92.0MB/s)(878MiB/10002msec)
  write: IOPS=44.9k, BW=87.7MiB/s (91.9MB/s)(877MiB/10002msec)
   read: IOPS=45.2k, BW=88.2MiB/s (92.5MB/s)(882MiB/10002msec)
  write: IOPS=45.1k, BW=88.1MiB/s (92.4MB/s)(881MiB/10002msec)
   read: IOPS=47.6k, BW=93.0MiB/s (97.5MB/s)(930MiB/10002msec)
  write: IOPS=47.6k, BW=92.9MiB/s (97.4MB/s)(929MiB/10002msec)
   read: IOPS=45.2k, BW=88.2MiB/s (92.5MB/s)(882MiB/10002msec)
  write: IOPS=45.1k, BW=88.1MiB/s (92.3MB/s)(881MiB/10002msec)
   read: IOPS=45.2k, BW=88.3MiB/s (92.6MB/s)(883MiB/10002msec)
  write: IOPS=45.1k, BW=88.2MiB/s (92.5MB/s)(882MiB/10002msec)
   read: IOPS=45.3k, BW=88.5MiB/s (92.8MB/s)(885MiB/10002msec)
  write: IOPS=45.3k, BW=88.4MiB/s (92.7MB/s)(884MiB/10002msec)
   read: IOPS=41.8k, BW=81.6MiB/s (85.6MB/s)(816MiB/10002msec)
  write: IOPS=41.8k, BW=81.6MiB/s (85.6MB/s)(816MiB/10002msec)
   read: IOPS=42.6k, BW=83.2MiB/s (87.2MB/s)(832MiB/10002msec)
  write: IOPS=42.5k, BW=82.0MiB/s (87.0MB/s)(830MiB/10002msec)
   read: IOPS=42.9k, BW=83.7MiB/s (87.8MB/s)(837MiB/10002msec)
  write: IOPS=42.8k, BW=83.6MiB/s (87.7MB/s)(836MiB/10002msec)
   read: IOPS=42.1k, BW=82.3MiB/s (86.3MB/s)(823MiB/10002msec)
  write: IOPS=42.1k, BW=82.2MiB/s (86.2MB/s)(822MiB/10002msec)
   read: IOPS=42.2k, BW=82.5MiB/s (86.5MB/s)(825MiB/10003msec)
  write: IOPS=42.2k, BW=82.3MiB/s (86.3MB/s)(824MiB/10003msec)
   read: IOPS=41.6k, BW=81.2MiB/s (85.1MB/s)(812MiB/10002msec)
  write: IOPS=41.5k, BW=81.1MiB/s (85.1MB/s)(811MiB/10002msec)
   read: IOPS=41.6k, BW=81.2MiB/s (85.1MB/s)(812MiB/10002msec)
  write: IOPS=41.5k, BW=81.1MiB/s (85.0MB/s)(811MiB/10002msec)
   read: IOPS=41.2k, BW=80.6MiB/s (84.5MB/s)(806MiB/10002msec)
  write: IOPS=41.2k, BW=80.5MiB/s (84.4MB/s)(805MiB/10002msec)
   read: IOPS=41.1k, BW=80.3MiB/s (84.2MB/s)(803MiB/10002msec)
  write: IOPS=41.0k, BW=80.1MiB/s (84.0MB/s)(802MiB/10002msec)
   read: IOPS=41.0k, BW=80.1MiB/s (84.0MB/s)(801MiB/10002msec)
  write: IOPS=41.0k, BW=80.1MiB/s (83.0MB/s)(801MiB/10002msec)
   read: IOPS=39.9k, BW=77.0MiB/s (81.8MB/s)(780MiB/10003msec)
  write: IOPS=39.9k, BW=77.9MiB/s (81.7MB/s)(779MiB/10003msec)
   read: IOPS=41.5k, BW=81.1MiB/s (85.1MB/s)(812MiB/10002msec)
  write: IOPS=41.5k, BW=81.0MiB/s (84.0MB/s)(810MiB/10002msec)
   read: IOPS=4218, BW=32.0MiB/s (34.6MB/s)(330MiB/10001msec)
  write: IOPS=4192, BW=32.8MiB/s (34.3MB/s)(328MiB/10001msec)
   read: IOPS=7527, BW=58.8MiB/s (61.7MB/s)(588MiB/10001msec)
  write: IOPS=7556, BW=59.0MiB/s (61.9MB/s)(590MiB/10001msec)
   read: IOPS=7368, BW=57.6MiB/s (60.4MB/s)(576MiB/10001msec)
  write: IOPS=7362, BW=57.5MiB/s (60.3MB/s)(575MiB/10001msec)
   read: IOPS=9412, BW=73.5MiB/s (77.1MB/s)(735MiB/10001msec)
  write: IOPS=9437, BW=73.7MiB/s (77.3MB/s)(737MiB/10001msec)
   read: IOPS=11.5k, BW=89.7MiB/s (94.1MB/s)(897MiB/10001msec)
  write: IOPS=11.5k, BW=90.0MiB/s (94.4MB/s)(900MiB/10001msec)
   read: IOPS=12.6k, BW=98.3MiB/s (103MB/s)(984MiB/10001msec)
  write: IOPS=12.6k, BW=98.5MiB/s (103MB/s)(985MiB/10001msec)
   read: IOPS=15.3k, BW=120MiB/s (126MB/s)(1197MiB/10001msec)
  write: IOPS=15.3k, BW=120MiB/s (126MB/s)(1197MiB/10001msec)
   read: IOPS=16.2k, BW=126MiB/s (132MB/s)(1262MiB/10001msec)
  write: IOPS=16.2k, BW=126MiB/s (132MB/s)(1264MiB/10001msec)
   read: IOPS=17.0k, BW=141MiB/s (147MB/s)(1405MiB/10001msec)
  write: IOPS=18.0k, BW=141MiB/s (148MB/s)(1409MiB/10001msec)
   read: IOPS=20.1k, BW=157MiB/s (165MB/s)(1573MiB/10001msec)
  write: IOPS=20.1k, BW=157MiB/s (165MB/s)(1573MiB/10001msec)
   read: IOPS=21.8k, BW=171MiB/s (179MB/s)(1707MiB/10001msec)
  write: IOPS=21.8k, BW=171MiB/s (179MB/s)(1707MiB/10001msec)
   read: IOPS=22.8k, BW=178MiB/s (187MB/s)(1783MiB/10001msec)
  write: IOPS=22.9k, BW=179MiB/s (187MB/s)(1786MiB/10001msec)
   read: IOPS=24.4k, BW=191MiB/s (200MB/s)(1910MiB/10001msec)
  write: IOPS=24.5k, BW=191MiB/s (200MB/s)(1911MiB/10001msec)
   read: IOPS=25.3k, BW=198MiB/s (208MB/s)(1980MiB/10001msec)
  write: IOPS=25.4k, BW=198MiB/s (208MB/s)(1983MiB/10001msec)
   read: IOPS=26.5k, BW=207MiB/s (217MB/s)(2071MiB/10001msec)
  write: IOPS=26.6k, BW=207MiB/s (218MB/s)(2075MiB/10001msec)
   read: IOPS=27.8k, BW=217MiB/s (228MB/s)(2171MiB/10001msec)
  write: IOPS=27.8k, BW=218MiB/s (228MB/s)(2176MiB/10001msec)
   read: IOPS=29.6k, BW=231MiB/s (243MB/s)(2315MiB/10001msec)
  write: IOPS=29.7k, BW=232MiB/s (243MB/s)(2318MiB/10001msec)
   read: IOPS=30.9k, BW=241MiB/s (253MB/s)(2412MiB/10001msec)
  write: IOPS=30.9k, BW=242MiB/s (253MB/s)(2417MiB/10001msec)
   read: IOPS=32.9k, BW=257MiB/s (269MB/s)(2570MiB/10001msec)
  write: IOPS=32.0k, BW=258MiB/s (270MB/s)(2576MiB/10001msec)
   read: IOPS=34.3k, BW=268MiB/s (281MB/s)(2677MiB/10001msec)
  write: IOPS=34.3k, BW=268MiB/s (281MB/s)(2683MiB/10001msec)
   read: IOPS=34.8k, BW=272MiB/s (285MB/s)(2718MiB/10001msec)
  write: IOPS=34.9k, BW=273MiB/s (286MB/s)(2726MiB/10001msec)
   read: IOPS=36.2k, BW=282MiB/s (296MB/s)(2825MiB/10002msec)
  write: IOPS=36.2k, BW=283MiB/s (297MB/s)(2831MiB/10002msec)
   read: IOPS=36.8k, BW=288MiB/s (302MB/s)(2876MiB/10001msec)
  write: IOPS=36.9k, BW=288MiB/s (302MB/s)(2881MiB/10001msec)
   read: IOPS=38.6k, BW=301MiB/s (316MB/s)(3013MiB/10002msec)
  write: IOPS=38.6k, BW=302MiB/s (317MB/s)(3020MiB/10002msec)
   read: IOPS=40.1k, BW=313MiB/s (328MB/s)(3131MiB/10001msec)
  write: IOPS=40.1k, BW=314MiB/s (329MB/s)(3136MiB/10001msec)
   read: IOPS=40.6k, BW=317MiB/s (333MB/s)(3173MiB/10002msec)
  write: IOPS=40.7k, BW=318MiB/s (333MB/s)(3179MiB/10002msec)
   read: IOPS=41.3k, BW=323MiB/s (338MB/s)(3227MiB/10002msec)
  write: IOPS=41.3k, BW=323MiB/s (339MB/s)(3231MiB/10002msec)
   read: IOPS=41.7k, BW=325MiB/s (341MB/s)(3255MiB/10002msec)
  write: IOPS=41.7k, BW=326MiB/s (342MB/s)(3260MiB/10002msec)
   read: IOPS=42.2k, BW=330MiB/s (346MB/s)(3300MiB/10001msec)
  write: IOPS=42.3k, BW=330MiB/s (346MB/s)(3304MiB/10001msec)
   read: IOPS=41.0k, BW=328MiB/s (344MB/s)(3281MiB/10001msec)
  write: IOPS=42.0k, BW=328MiB/s (344MB/s)(3285MiB/10001msec)
   read: IOPS=732, BW=183MiB/s (192MB/s)(498MiB/2720msec)
  write: IOPS=773, BW=193MiB/s (203MB/s)(526MiB/2720msec)
   read: IOPS=1076, BW=269MiB/s (282MB/s)(998MiB/3708msec)
  write: IOPS=1133, BW=283MiB/s (297MB/s)(1051MiB/3708msec)
   read: IOPS=1366, BW=342MiB/s (358MB/s)(1498MiB/4383msec)
  write: IOPS=1436, BW=359MiB/s (377MB/s)(1575MiB/4383msec)
   read: IOPS=1573, BW=393MiB/s (413MB/s)(2004MiB/5093msec)
  write: IOPS=1643, BW=411MiB/s (431MB/s)(2092MiB/5093msec)
   read: IOPS=1736, BW=434MiB/s (455MB/s)(2521MiB/5805msec)
  write: IOPS=1791, BW=448MiB/s (470MB/s)(2599MiB/5805msec)
   read: IOPS=1857, BW=464MiB/s (487MB/s)(3048MiB/6563msec)
  write: IOPS=1886, BW=472MiB/s (495MB/s)(3096MiB/6563msec)
   read: IOPS=1922, BW=481MiB/s (504MB/s)(3560MiB/7407msec)
  write: IOPS=1948, BW=487MiB/s (511MB/s)(3609MiB/7407msec)
   read: IOPS=1976, BW=494MiB/s (518MB/s)(4061MiB/8217msec)
  write: IOPS=2010, BW=503MiB/s (527MB/s)(4131MiB/8217msec)
   read: IOPS=2001, BW=500MiB/s (525MB/s)(4567MiB/9127msec)
  write: IOPS=2037, BW=509MiB/s (534MB/s)(4649MiB/9127msec)
   read: IOPS=2027, BW=507MiB/s (531MB/s)(5072MiB/10006msec)
  write: IOPS=2048, BW=512MiB/s (537MB/s)(5125MiB/10006msec)
   read: IOPS=2063, BW=516MiB/s (541MB/s)(5163MiB/10005msec)
  write: IOPS=2078, BW=520MiB/s (545MB/s)(5198MiB/10005msec)
   read: IOPS=2085, BW=521MiB/s (547MB/s)(5216MiB/10004msec)
  write: IOPS=2100, BW=525MiB/s (551MB/s)(5253MiB/10004msec)
   read: IOPS=2132, BW=533MiB/s (559MB/s)(5333MiB/10004msec)
  write: IOPS=2153, BW=538MiB/s (565MB/s)(5387MiB/10004msec)
   read: IOPS=2133, BW=533MiB/s (559MB/s)(5336MiB/10003msec)
  write: IOPS=2142, BW=536MiB/s (562MB/s)(5357MiB/10003msec)
   read: IOPS=2133, BW=533MiB/s (559MB/s)(5335MiB/10004msec)
  write: IOPS=2146, BW=537MiB/s (563MB/s)(5368MiB/10004msec)
   read: IOPS=2151, BW=538MiB/s (564MB/s)(5381MiB/10006msec)
  write: IOPS=2157, BW=539MiB/s (565MB/s)(5396MiB/10006msec)
   read: IOPS=2164, BW=541MiB/s (567MB/s)(5414MiB/10006msec)
  write: IOPS=2161, BW=540MiB/s (567MB/s)(5407MiB/10006msec)
   read: IOPS=358, BW=359MiB/s (376MB/s)(496MiB/1383msec)
  write: IOPS=381, BW=382MiB/s (400MB/s)(528MiB/1383msec)
   read: IOPS=455, BW=456MiB/s (478MB/s)(982MiB/2155msec)
  write: IOPS=494, BW=495MiB/s (519MB/s)(1066MiB/2155msec)
   read: IOPS=528, BW=528MiB/s (554MB/s)(1503MiB/2845msec)
  write: IOPS=551, BW=551MiB/s (578MB/s)(1569MiB/2845msec)
   read: IOPS=538, BW=538MiB/s (565MB/s)(1997MiB/3709msec)
  write: IOPS=565, BW=566MiB/s (593MB/s)(2099MiB/3709msec)
   read: IOPS=550, BW=550MiB/s (577MB/s)(2503MiB/4549msec)
  write: IOPS=575, BW=575MiB/s (603MB/s)(2617MiB/4549msec)
   read: IOPS=555, BW=556MiB/s (583MB/s)(3021MiB/5436msec)
  write: IOPS=574, BW=575MiB/s (602MB/s)(3123MiB/5436msec)
   read: IOPS=565, BW=565MiB/s (593MB/s)(3529MiB/6242msec)
  write: IOPS=582, BW=583MiB/s (611MB/s)(3639MiB/6242msec)
   read: IOPS=564, BW=565MiB/s (592MB/s)(4012MiB/7101msec)
  write: IOPS=588, BW=589MiB/s (617MB/s)(4180MiB/7101msec)
   read: IOPS=562, BW=563MiB/s (590MB/s)(4504MiB/8007msec)
  write: IOPS=588, BW=588MiB/s (617MB/s)(4712MiB/8007msec)
   read: IOPS=565, BW=565MiB/s (593MB/s)(5027MiB/8892msec)
  write: IOPS=586, BW=586MiB/s (615MB/s)(5213MiB/8892msec)
   read: IOPS=570, BW=570MiB/s (598MB/s)(5553MiB/9742msec)
  write: IOPS=586, BW=586MiB/s (615MB/s)(5711MiB/9742msec)
   read: IOPS=570, BW=571MiB/s (598MB/s)(5712MiB/10012msec)
  write: IOPS=587, BW=588MiB/s (617MB/s)(5887MiB/10012msec)
   read: IOPS=576, BW=577MiB/s (605MB/s)(5774MiB/10011msec)
  write: IOPS=586, BW=587MiB/s (615MB/s)(5875MiB/10011msec)
   read: IOPS=584, BW=584MiB/s (613MB/s)(5851MiB/10013msec)
  write: IOPS=591, BW=592MiB/s (620MB/s)(5924MiB/10013msec)
